C51 COMPILER V8.09   MAIN                                                                  06/29/2010 08:44:34 PAGE 1   


C51 COMPILER V8.09, COMPILATION OF MODULE MAIN
OBJECT MODULE PLACED IN main.OBJ
COMPILER INVOKED BY: C:\Keil\C51\BIN\C51.EXE main.c BROWSE DEBUG OBJECTEXTEND

line level    source

   1          #include <reg52.h>
   2          #define uchar unsigned char
   3          #define uint unsigned int
   4          sbit clock=P3^1;
   5          sbit dat=P3^0;
   6          unsigned char code table[]={0x3f,0x06,0x5b,0x4f,
   7          0x66,0x6d,0x7d,0x07,
   8          0x7f,0x6f,0x77,0x7c,
   9          0x39,0x5e,0x79,0x71};
  10          void delay(int z)
  11          {
  12   1              int x,y;
  13   1              for(x=0;x<z;x++)
  14   1                      for(y=0;y<110;y++);
  15   1      }
  16          void writeonechar(uchar temp)
  17          {
  18   1              int i;
  19   1              for(i=0;i<8;i++)
  20   1              {
  21   2                      dat=temp&0x01;
  22   2                      clock=0;
  23   2                      temp>>=1;                       
  24   2                      clock=1;
  25   2              }
  26   1      }
  27          void main()
  28          {
  29   1              uchar fen=0,miao=0;
  30   1              while(1)
  31   1              {
  32   2                      miao++;
  33   2                      if(miao==60)
  34   2                      {
  35   3                              fen++;
  36   3                              miao=0;
  37   3                              if(fen==60)
  38   3                                      fen=0;
  39   3                      }
  40   2                      writeonechar(table[miao%10]);
  41   2                      writeonechar(table[miao/10]);
  42   2                      writeonechar(table[fen%10]);
  43   2                      writeonechar(table[fen/10]);
  44   2                      delay(1000);
  45   2              }
  46   1      }


MODULE INFORMATION:   STATIC OVERLAYABLE
   CODE SIZE        =    137    ----
   CONSTANT SIZE    =     16    ----
   XDATA SIZE       =   ----    ----
   PDATA SIZE       =   ----    ----
   DATA SIZE        =   ----       1
   IDATA SIZE       =   ----    ----
C51 COMPILER V8.09   MAIN                                                                  06/29/2010 08:44:34 PAGE 2   

   BIT SIZE         =   ----    ----
END OF MODULE INFORMATION.


C51 COMPILATION COMPLETE.  0 WARNING(S),  0 ERROR(S)
