C51 COMPILER V6.12  74LS164                                                                04/10/2010 19:45:35 PAGE 1   


C51 COMPILER V6.12, COMPILATION OF MODULE 74LS164
OBJECT MODULE PLACED IN .\74ls164.OBJ
COMPILER INVOKED BY: C:\Keil\C51\BIN\C51.EXE .\74ls164.c DEBUG OBJECTEXTEND

stmt level    source

   1          #include <reg52.h>
   2          sbit clock=P3^1;
   3          sbit dat=P3^0;
   4          void delay(int z)
   5          {
   6   1      	int i,j;
   7   1              for(i=z;i>0;i--)
   8   1               for(j=110;j>0;j--);
   9   1      }
  10          void write_onechar(unsigned char temp)
  11          {
  12   1      		int i;
  13   1      		for(i=0;i<8;i++)
  14   1      		{
  15   2      			dat=temp&0x01;
  16   2      			clock=1;
  17   2      			temp>>=1;			
  18   2      			clock=0;
  19   2      		}
  20   1      //		clock=1;
  21   1      //		delay(1);
  22   1      }
  23          


MODULE INFORMATION:   STATIC OVERLAYABLE
   CODE SIZE        =     59    ----
   CONSTANT SIZE    =   ----    ----
   XDATA SIZE       =   ----    ----
   PDATA SIZE       =   ----    ----
   DATA SIZE        =   ----    ----
   IDATA SIZE       =   ----    ----
   BIT SIZE         =   ----    ----
END OF MODULE INFORMATION.


C51 COMPILATION COMPLETE.  0 WARNING(S),  0 ERROR(S)
