C51 COMPILER V8.09   ADC0809                                                               07/03/2010 21:50:20 PAGE 1   


C51 COMPILER V8.09, COMPILATION OF MODULE ADC0809
OBJECT MODULE PLACED IN adc0809.OBJ
COMPILER INVOKED BY: C:\Keil\C51\BIN\C51.EXE adc0809.c DEBUG OBJECTEXTEND

line level    source

   1          #include <reg52.h>
   2          #define uchar unsigned char
   3          #define uint unsigned int
   4          sbit start=P1^5;
   5          sbit clk=P1^4;
   6          sbit eoc=P1^6;
   7          sbit oe=P1^7;
   8          unsigned char code table[]={0x3f,0x06,0x5b,0x4f,
   9          0x66,0x6d,0x7d,0x07,
  10          0x7f,0x6f,0x77,0x7c,
  11          0x39,0x5e,0x79,0x71};
  12          uint count;
  13          uchar way=0;
  14          void delay(int z)
  15          {
  16   1              int i,j;
  17   1              for(i=0;i<z;i++)
  18   1                      for(j=0;j<110;j++);
  19   1      }
  20          void display(uint dat)
  21          {
  22   1              P2=0xfb;
  23   1              P0=table[dat%10];
  24   1              delay(5);
  25   1              
  26   1              P2=0xfd;
  27   1              P0=table[dat%100/10];
  28   1              delay(5);
  29   1              
  30   1              P2=0xfe;
  31   1              P0=table[dat/100]|0x80;
  32   1              delay(5);
  33   1      }
  34          void main()
  35          {
  36   1              float volt;
  37   1              TMOD=0x02;
  38   1              TH0=0x14;
  39   1              TL0=0x00;
  40   1              IE=0x82;
  41   1              TR0=1;  
  42   1              while(1)
  43   1              {
  44   2                      P1=way|0xf0;
  45   2                      start=0;start=1;start=0;
  46   2                      while(!eoc);
  47   2                      oe=1;
  48   2                      volt=P3*1.953;
  49   2                      display((int)volt);
  50   2                      oe=0;
  51   2              }
  52   1      }
  53          void timer0() interrupt 1
  54          {
  55   1              clk=!clk;
C51 COMPILER V8.09   ADC0809                                                               07/03/2010 21:50:20 PAGE 2   

  56   1              count++;
  57   1              if(count==5000)
  58   1              {
  59   2                      count=0;
  60   2                      way++;
  61   2                      if(way==7)
  62   2                              way=0;
  63   2              }
  64   1      }


MODULE INFORMATION:   STATIC OVERLAYABLE
   CODE SIZE        =    261    ----
   CONSTANT SIZE    =     16    ----
   XDATA SIZE       =   ----    ----
   PDATA SIZE       =   ----    ----
   DATA SIZE        =      3       6
   IDATA SIZE       =   ----    ----
   BIT SIZE         =   ----    ----
END OF MODULE INFORMATION.


C51 COMPILATION COMPLETE.  0 WARNING(S),  0 ERROR(S)
