C51 COMPILER V6.12  CALCULATOR                                                             03/12/2010 17:37:30 PAGE 1   


C51 COMPILER V6.12, COMPILATION OF MODULE CALCULATOR
OBJECT MODULE PLACED IN .\calculator.OBJ
COMPILER INVOKED BY: C:\Keil\C51\BIN\C51.EXE .\calculator.c DEBUG OBJECTEXTEND

stmt level    source

   1          #include <reg52.h>
   2          #include <stdio.h>
   3          #include <string.h>
   4          #include <math.h>
   5          #define uchar unsigned char
   6          #define uint unsigned int
   7          #define r1 0xfe
   8          #define r2 0xfd
   9          #define r3 0xfb
  10          #define r4 0xf7
  11          #define r5 0xef
  12          sbit ln=P2^1;
  13          sbit ls=P2^0;
  14          unsigned char i,buff=0,sign=0,point=0,symbol=0,cai=0;
  15          char first[16],second[16];
  16          char len;
  17          float aa,bb,mm;
  18          void delay(int z)
  19          {
  20   1      	int i,j;
  21   1              for(i=z;i>0;i--)
  22   1               for(j=110;j>0;j--);
  23   1      }
  24          void write_com(unsigned char com)
  25          {
  26   1      	ls=0;
  27   1          P0=com;
  28   1          delay(5);
  29   1          ln=1;
  30   1          delay(5);
  31   1          ln=0;
  32   1      }
  33          void write_data(unsigned char date)
  34          {
  35   1      	ls=1;
  36   1          P0=date;
  37   1          delay(5);
  38   1          ln=1;
  39   1          delay(5);
  40   1          ln=0;
  41   1      }
  42          void init_1602()
  43          {
  44   1         write_com(0x38);
  45   1         write_com(0x0c);
  46   1         write_com(0x06);
  47   1         write_com(0x01);
  48   1      }
  49          void moveto(unsigned char row,unsigned char line)
  50          {
  51   1      	if(row==1)
  52   1      		write_com(0x80+line);
  53   1      	if(row==2)
  54   1      		write_com(0x80+0x40+line);
  55   1      }
C51 COMPILER V6.12  CALCULATOR                                                             03/12/2010 17:37:30 PAGE 2   

  56          void clear(unsigned char t)
  57          {
  58   1      	if(t==1)
  59   1      	{
  60   2      		write_com(0x80);
  61   2      	}
  62   1      	if(t==2)
  63   1      	{
  64   2      		write_com(0x80+0x40);
  65   2      	}
  66   1      	for(i=0;i<15;i++)
  67   1      	{
  68   2      		write_data(' ');
  69   2      	}
  70   1      }
  71          cleardata(unsigned char t)
  72          {
  73   1      	if(t==1)
  74   1      	{
  75   2      		for(i=0;i<15;i++)
  76   2      		first[i]='\0';
  77   2      	}
  78   1      	if(t==2)
  79   1      	{
  80   2      		for(i=0;i<15;i++)
  81   2      		second[i]='\0';
  82   2      	}
  83   1      }
  84          void display(unsigned char *temp)
  85          {
  86   1      	char n;
  87   1      //	sprintf(buf,"%.3f\0",date);
  88   1      	n=strlen(temp);
  89   1      	if(n<=0)
  90   1      	{
  91   2      		clear(2);
  92   2      		write_com(0x01);
  93   2      		write_com(0x80+0x40+14);
  94   2      		write_data('0');
  95   2      		write_data('.');
  96   2      	}
  97   1      	else
  98   1      	{
  99   2      	if(n>16) n=16;
 100   2      	clear(2);
 101   2      	write_com(0x80+0x40+16-n);
 102   2      	for(i=0;i<16;i++)
 103   2      	write_data(temp[i]);
 104   2      	}
 105   1      }
 106          void displayup(unsigned char *temp)
 107          {
 108   1      	unsigned char n;
 109   1      	n=strlen(temp);
 110   1      	for(i=0;i<n;i++)
 111   1      	write_data(temp[i]);
 112   1      }
 113          void keyscan()
 114          {
 115   1      	unsigned char temp,key=0;
 116   1      	P1=r1;
 117   1      	temp=P3; temp&=0xff;
C51 COMPILER V6.12  CALCULATOR                                                             03/12/2010 17:37:30 PAGE 3   

 118   1      	if(P3!=0xff)
 119   1      	{
 120   2      		temp=P3;
 121   2      		switch(temp)
 122   2      		{
 123   3      			case r1 : key=1; mm=0; break;//MC
 124   3      			case r2 : key=2; if(buff==0) {aa=mm; } if(buff==1) {bb=mm; } break;//MR
 125   3      			case r3 : key=3; if(buff==0) mm=aa; if(buff==1) mm=bb; break;//MS
 126   3      			case r4 : key=4; if(buff==0) {aa=aa+mm; } if(buff==1) {bb=bb+mm; } break;//M+
 127   3      			case r5 : key=5; if(buff==0) {aa=aa-mm; } if(buff==1) {bb=bb-mm; } break;//M-
 128   3      		}
 129   2      		while(P3!=0xff)
 130   2      		{
 131   3      			temp=P3;
 132   3      			temp&=0xff;
 133   3      		}
 134   2      	}
 135   1      	P1=r2;
 136   1      	temp=P3; temp&=0xff;
 137   1      	if(P3!=0xff)
 138   1      	{
 139   2      		temp=P3;
 140   2      		switch(temp)
 141   2      		{
 142   3      			case r1 : key=6; if(buff==0) {first[--len]='\0'; display(first); if(len<0) len=0;}
 143   3      		 						  if(buff==1) {second[--len]='\0'; display(second); if(len<0) len=0;} break;//back
 144   3      			case r2 : key=7; if(buff==0) {aa=0; for(i=0;i<15;i++) first[i]='\0';display(first);} 
 145   3      									if(buff==1) {bb=0; for(i=0;i<15;i++) second[i]='\0';display(second);} len=0; break;//ce
 146   3      			case r3 : key=8; for(i=0;i<15;i++){first[i]='\0';second[i]='\0';} buff=0;len=0;sign=0;display(first); b
             -reak;//reset
 147   3      			case r4 : key=9; if(buff==0)
 148   3      		 							{
 149   4      										if(len>0)
 150   4      										{
 151   5      											if(sign==0&&len<15)
 152   5      											{
 153   6      												len++;
 154   6      												for(i=len;i>0;i--)
 155   6      												{
 156   7      												 first[i]=first[i-1];
 157   7      												}
 158   6      												first[0]='-';
 159   6      												sign=1;												
 160   6      											}
 161   5      											else if(sign==1)
 162   5      											{
 163   6      												for(i=0;i<len;i++)
 164   6      												{
 165   7      												 	first[i]=first[i+1];
 166   7      												}
 167   6      												sign=0;
 168   6      												len--;
 169   6      											}
 170   5      										}	display(first);
 171   4      									} 
 172   3      									if(buff==1)
 173   3      		 							{
 174   4      										if(len>0)
 175   4      										{
 176   5      											if(sign==0&&len<15)
 177   5      											{
 178   6      												len++;
C51 COMPILER V6.12  CALCULATOR                                                             03/12/2010 17:37:30 PAGE 4   

 179   6      												for(i=len;i>0;i--)
 180   6      												{
 181   7      												 second[i]=second[i-1];
 182   7      												}
 183   6      												second[0]='-';
 184   6      												sign=1;												
 185   6      											}
 186   5      											else if(sign==1)
 187   5      											{
 188   6      												for(i=0;i<len;i++)
 189   6      												{
 190   7      												 	second[i]=second[i+1];
 191   7      												}
 192   6      												sign=0;
 193   6      												len--;
 194   6      											}
 195   5      										}	display(second);
 196   4      									} break;//pORm
 197   3      		case r5 : key=10; clear(1); moveto(1,0); displayup("sqrt()="); 
 198   3      		 	if(buff==0){sscanf(first,"%f",&aa);aa=sqrt(aa);sprintf(first,"%f\0",aa); display(first);}
 199   3      			if(buff==1){sscanf(second,"%f",&bb);bb=sqrt(bb);sprintf(second,"%f\0",bb); display(second);}
 200   3      		break;//genhao
 201   3      	}
 202   2      		while(P3!=0xff)
 203   2      		{
 204   3      			temp=P3;
 205   3      			temp&=0xff;
 206   3      		}
 207   2      	}
 208   1      	P1=r3;
 209   1      	temp=P3; temp&=0xff;
 210   1      	if(P3!=0xff)
 211   1      	{
 212   2      		temp=P3;
 213   2      		switch(temp)
 214   2      		{
 215   3      			case r1 : key='7'; if(buff==0) {first[len++]=key; display(first); } if(buff==1) {second[len++]=key; dis
             -play(second); } break;//7
 216   3      			case r2 : key='8'; if(buff==0) {first[len++]=key; display(first); } if(buff==1) {second[len++]=key; dis
             -play(second); } break;//8
 217   3      			case r3 : key='9'; if(buff==0) {first[len++]=key; display(first); } if(buff==1) {second[len++]=key; dis
             -play(second); } break;//9
 218   3      			case r4 : key='/'; buff=1; symbol=4; len=0; point=0; clear(1); moveto(1,0); displayup(first); write_dat
             -a('/'); break;//divide
 219   3      			case r5 : key=15; break;//%
 220   3      		}
 221   2      		while(P3!=0xff)
 222   2      		{
 223   3      			temp=P3;
 224   3      			temp&=0xff;
 225   3      		}
 226   2      	}
 227   1      	P1=r4;
 228   1      	temp=P3; temp&=0xff;
 229   1      	if(P3!=0xff)
 230   1      	{
 231   2      		temp=P3;
 232   2      		switch(temp)
 233   2      		{
 234   3      			case r1 : key='4'; if(buff==0) {first[len++]=key; display(first); } if(buff==1) {second[len++]=key; dis
             -play(second); } break;//4
 235   3      			case r2 : key='5'; if(buff==0) {first[len++]=key; display(first); } if(buff==1) {second[len++]=key; dis
C51 COMPILER V6.12  CALCULATOR                                                             03/12/2010 17:37:30 PAGE 5   

             -play(second); } break;//5
 236   3      			case r3 : key='6'; if(buff==0) {first[len++]=key; display(first); } if(buff==1) {second[len++]=key; dis
             -play(second); } break;//6
 237   3      			case r4 : key=19; buff=1; symbol=3; len=0; point=0; clear(1); moveto(1,0); displayup(first); write_data
             -('*');break;//muiltiply
 238   3      			case r5 : key=20; buff=1; break;//1/x
 239   3      		}
 240   2      		while(P3!=0xff)
 241   2      		{
 242   3      			temp=P3;
 243   3      			temp&=0xff;
 244   3      		}
 245   2      	}
 246   1      	P1=r5;
 247   1      	temp=P3; temp&=0xff;
 248   1      	if(P3!=0xff)
 249   1      	{
 250   2      		temp=P3;
 251   2      		switch(temp)
 252   2      		{
 253   3      			case r1 : key='1'; if(buff==0) {first[len++]=key; display(first); } if(buff==1) {second[len++]=key; dis
             -play(second); } break;//1
 254   3      			case r2 : key='2'; if(buff==0) {first[len++]=key; display(first); } if(buff==1) {second[len++]=key; dis
             -play(second); } break;//2
 255   3      			case r3 : key='3'; if(buff==0) {first[len++]=key; display(first); } if(buff==1) {second[len++]=key; dis
             -play(second); } break;//3
 256   3      			case r4 : key=24; buff=1; symbol=2; len=0; point=0; clear(1); moveto(1,0); displayup(first); write_data
             -('-');break;//minus
 257   3      			case r5 : key=25; 
 258   3      			write_com(0x80+strlen(first)+1);
 259   3      			displayup(second);
 260   3      			write_data('=');
 261   3       		   	sscanf(first,"%f",&aa);
 262   3      				sscanf(second,"%f",&bb);
 263   3      				switch(symbol)
 264   3      				{
 265   4      					case 1 : bb=aa+bb; break;
 266   4      					case 2 : bb=aa-bb; break;
 267   4      					case 3 : bb=aa*bb; break;
 268   4      					case 4 : bb=aa/bb; break;
 269   4      				}
 270   3      				if(bb>=100000||bb<=0.000001)
 271   3      				sprintf(second,"%e\0",bb);
 272   3      				else sprintf(second,"%f",bb);
 273   3      				display(second);
 274   3      		   buff=0;sign=0;aa=0;bb=0;len=0;point=0;cleardata(1);cleardata(2);
 275   3      			break;//equal
 276   3      		}
 277   2      		while(P3!=0xff)
 278   2      		{
 279   3      			temp=P3;
 280   3      			temp&=0xff;
 281   3      		}
 282   2      	}
 283   1      	P1=0xdf;
 284   1      	temp=P3; temp&=0xff;
 285   1      	if(P3!=0xff)
 286   1      	{
 287   2      		temp=P3;
 288   2      		switch(temp)
 289   2      		{
 290   3      			case r1 : key='0'; if(buff==0) {first[len++]=key; display(first); } if(buff==1) {second[len++]=key; dis
C51 COMPILER V6.12  CALCULATOR                                                             03/12/2010 17:37:30 PAGE 6   

             -play(second); } break;//0
 291   3      			case r2 : key='.'; if(point==0) { if(buff==0) {first[len++]=key; display(first); } if(buff==1) {second[
             -len++]=key; display(second); } point=1; }break;//point
 292   3      		 	case r3 : cai++; if(cai==3)
 293   3      									{
 294   4      										write_com(0x01);
 295   4      										moveto(1,0); displayup("Why did you pres");
 296   4      										moveto(2,0); displayup("s me 3 time?");
 297   4      									}
 298   3      									if(cai==4)
 299   3      									{
 300   4      										write_com(0x01);
 301   4      										moveto(1,0); displayup("This is a");
 302   4      										moveto(2,0); displayup("Calculator!");
 303   4      									}
 304   3      									if(cai==5)
 305   3      									{
 306   4      										write_com(0x01);
 307   4      										moveto(1,0); displayup("But I found");
 308   4      										moveto(2,0); displayup("The 51MCU's weak");
 309   4      									}
 310   3      									if(cai==6)
 311   3      									{
 312   4      										write_com(0x01);
 313   4      										moveto(1,0); displayup("It is unable");
 314   4      										moveto(2,0); displayup("flexible to 7.");
 315   4      									}
 316   3      									if(cai==7)
 317   3      									{
 318   4      										write_com(0x01);
 319   4      										moveto(1,0); displayup("I'm thinking to");
 320   4      										moveto(2,0); displayup("virtual hand");
 321   4      									}
 322   3      									if(cai==8)
 323   3      									{
 324   4      										write_com(0x01);
 325   4      										moveto(1,0); displayup("to advance it!");
 326   4      										moveto(2,0); displayup("   BYE!BYE!");
 327   4      									}
 328   3      									if(cai==9)
 329   3      									{
 330   4      										write_com(0x01);
 331   4      										display("0.");
 332   4      									}
 333   3      			break;//empty
 334   3      			case r4 : key=29; buff=1; symbol=1; len=0; point=0;clear(1); moveto(1,0); displayup(first); write_data(
             -'+'); break;//add
 335   3      			case r5 : key=30; buff=1;
 336   3      			break;//equal
 337   3      		}
 338   2      		while(P3!=0xff)
 339   2      		{
 340   3      			temp=P3;
 341   3      			temp&=0xff;
 342   3      		}
 343   2      	}
 344   1      	P1=0xff;
 345   1      	P3=0xff;
 346   1      }
 347          void main()
 348          {
 349   1      	init_1602();
C51 COMPILER V6.12  CALCULATOR                                                             03/12/2010 17:37:30 PAGE 7   

 350   1      	display("0.");
 351   1      	while(1)
 352   1      	{
 353   2      		keyscan();
 354   2      	}
 355   1      }
 356          


MODULE INFORMATION:   STATIC OVERLAYABLE
   CODE SIZE        =   2745    ----
   CONSTANT SIZE    =    187    ----
   XDATA SIZE       =   ----    ----
   PDATA SIZE       =   ----    ----
   DATA SIZE        =     51       9
   IDATA SIZE       =   ----    ----
   BIT SIZE         =   ----    ----
END OF MODULE INFORMATION.


C51 COMPILATION COMPLETE.  0 WARNING(S),  0 ERROR(S)
