C51 COMPILER V6.12  DAC0832                                                                03/14/2010 19:27:23 PAGE 1   


C51 COMPILER V6.12, COMPILATION OF MODULE DAC0832
OBJECT MODULE PLACED IN .\dac0832.OBJ
COMPILER INVOKED BY: C:\Keil\C51\BIN\C51.EXE .\dac0832.c DEBUG OBJECTEXTEND

stmt level    source

   1          #include <reg52.h>
   2          sbit bi=P3^3;
   3          void delay(unsigned int xms)
   4          {
   5   1      	unsigned int i,j;
   6   1      	for(i=xms;i>0;i--)
   7   1      	{
   8   2      		for(j=110;i>0;j--);
   9   2      	}
  10   1      }
  11          void main()
  12          {
  13   1      	unsigned char flag=0,val;
  14   1      	while(1)
  15   1      	{
  16   2      		if(flag==0)
  17   2      		{
  18   3      			val+=5;
  19   3      			P0=val;
  20   3      			if(val==255)
  21   3      			{
  22   4      				flag=1;
  23   4      				bi=0;
  24   4      				delay(1000);
  25   4      				bi=1;
  26   4      			}
  27   3      			delay(50);
  28   3      		}
  29   2      		else
  30   2      		{
  31   3      			val-=5;
  32   3      			P0=val;
  33   3      			if(val==0)
  34   3      			{
  35   4      				flag=0;
  36   4      				bi=0;
  37   4      				delay(1000);
  38   4      				bi=1;
  39   4      			}
  40   3      			delay(50);
  41   3      		}
  42   2      	}
  43   1      }


MODULE INFORMATION:   STATIC OVERLAYABLE
   CODE SIZE        =    104    ----
   CONSTANT SIZE    =   ----    ----
   XDATA SIZE       =   ----    ----
   PDATA SIZE       =   ----    ----
   DATA SIZE        =   ----       1
   IDATA SIZE       =   ----    ----
   BIT SIZE         =   ----    ----
END OF MODULE INFORMATION.


C51 COMPILATION COMPLETE.  0 WARNING(S),  0 ERROR(S)
