C51 COMPILER V6.12  NEW                                                                    12/21/2009 21:02:08 PAGE 1   


C51 COMPILER V6.12, COMPILATION OF MODULE NEW
OBJECT MODULE PLACED IN .\new.OBJ
COMPILER INVOKED BY: C:\Keil\C51\BIN\C51.EXE .\new.c DEBUG OBJECTEXTEND

stmt level    source

   1          #include<reg52.h>
   2          #include<intrins.h>
   3          #define uint unsigned int
   4          #define uchar unsigned char
   5          sbit ln=P2^1;
   6          sbit ls=P2^0;
   7          sbit k1=P1^0;
   8          sbit k2=P1^1;
   9          sbit k3=P1^2;
  10          sbit k4=P1^3;
  11          uchar code table[]="0123456789";
  12          uchar code table1[]=":.";
  13          uchar code table2[]="Number";
  14          uchar m=0,t=0,i,aa=0,max,min1,min0,sec1,sec0,one,num0,num1,num=0,min[34]=0;
  15          int add,sec[34]=0;
  16          int s=0;
  17          void delay(int z)
  18          {
  19   1      	int i,j;
  20   1              for(i=z;i>0;i--)
  21   1               for(j=110;j>0;j--);
  22   1      }
  23          void write_com(uchar com)
  24          {
  25   1      	ls=0;
  26   1          P0=com;
  27   1          delay(5);
  28   1          ln=1;
  29   1          delay(5);
  30   1          ln=0;
  31   1      }
  32          void write_data(uchar date)
  33          {
  34   1      	ls=1;
  35   1          P0=date;
  36   1          delay(5);
  37   1          ln=1;
  38   1          delay(5);
  39   1          ln=0;
  40   1      }
  41          void init()        
  42          {
  43   1      	TMOD=0x01;
  44   1      	TH0=(65536-10000)/256; 
  45   1      	TL0=(65536-10000)%256;
  46   1      	EA=1; //开总中断
  47   1      	ET0=1; //计时器0开启
  48   1      	TR0=0; //计时器先关闭
  49   1      	ln=0;
  50   1         write_com(0x38);
  51   1         write_com(0x0c);
  52   1         write_com(0x06);
  53   1      	write_com(0x01);
  54   1      }
  55          void convert0(uchar temp)
C51 COMPILER V6.12  NEW                                                                    12/21/2009 21:02:08 PAGE 2   

  56          {
  57   1      	min1=temp/10;
  58   1      	min0=temp%10;
  59   1      }
  60          void convert1(int temp)
  61          {
  62   1      	sec1=temp/100;
  63   1      	sec0=temp%100/10;
  64   1      	one=temp%10;
  65   1      }
  66          void convert2(uchar temp)
  67          {
  68   1      	num1=(temp+0)/10;
  69   1      	num0=(temp+0)%10;
  70   1      }
  71          void displayinit()
  72          {
  73   1      	write_com(0x80+0x40+0x03);
  74   1      	for(i=0;i<6;i++)
  75   1      	write_data(table2[i]);
  76   1      }
  77          void displaytime()
  78          {
  79   1      	write_com(0x80+0x04);
  80   1      	write_data(table[min1]);
  81   1      	write_data(table[min0]);
  82   1         delay(5);
  83   1      	write_data(table1[0]);
  84   1      	write_data(table[sec1]);
  85   1      	write_data(table[sec0]);
  86   1      	write_data(table1[1]);
  87   1      	write_data(table[one]);
  88   1         delay(5);
  89   1      }
  90          displaynum()
  91          {
  92   1      	write_com(0x80+0x47+0x03);
  93   1      	write_data(table[num1]);
  94   1      	write_data(table[num0]);
  95   1      }
  96          void keyscan()
  97          {
  98   1      	if(k1==0&&ET0==1)
  99   1      	{
 100   2      		delay(5);
 101   2      		if(k1==0&&ET0==1)
 102   2      		{
 103   3      			if(TR0==1)
 104   3      			{
 105   4      				num++;
 106   4      				min[num]=m;
 107   4      				sec[num]=s;
 108   4      			}
 109   3      				if(TR0==0)
 110   3      				{TR0=1;}
 111   3      		}
 112   2      		while(k1==0)
 113   2      		{
 114   3      		convert0(m);
 115   3      		convert1(s);
 116   3      		convert2(num);
 117   3      		displaytime();
C51 COMPILER V6.12  NEW                                                                    12/21/2009 21:02:08 PAGE 3   

 118   3      		displaynum();
 119   3      		}
 120   2      	}
 121   1      	if(k2==0&&TR0==1)
 122   1      	{
 123   2      		delay(5);
 124   2      		if(k2==0&&TR0==1)
 125   2      		{
 126   3      			num++;
 127   3      			min[num]=m;
 128   3      			sec[num]=s;
 129   3      			TR0=0;
 130   3      			ET0=0;
 131   3      			max=num;
 132   3      		}
 133   2      		while(k2==0)
 134   2      		{
 135   3      		convert0(m);
 136   3      		convert1(s);
 137   3      		convert2(num);
 138   3      		displaytime();
 139   3      		displaynum();
 140   3      		}
 141   2      	}
 142   1      	if(k2==0&&TR0==0)
 143   1      	{
 144   2      		delay(5);
 145   2      		if(k2==0&&TR0==0)
 146   2      		{
 147   3      			m=0;s=0;num=0;
 148   3      			for(i=0;i<max;i++)
 149   3      			{
 150   4      				min[i]=0;sec[i]=0;
 151   4      			}
 152   3      			max=0;ET0=1;
 153   3      		}
 154   2      		while(k2==0);
 155   2      	}
 156   1      	if(k3==0&&ET0==0)
 157   1      	{
 158   2      		delay(5);
 159   2      		if(k3==0&&ET0==0)
 160   2      		{
 161   3      			if(ET0==0)
 162   3      				if(num>1)
 163   3      				num--;
 164   3      				m=min[num];
 165   3      				s=sec[num];
 166   3      		}
 167   2      		while(k3==0)
 168   2      		{
 169   3      		convert0(m);
 170   3      		convert1(s);
 171   3      		convert2(num);
 172   3      		displaytime();
 173   3      		displaynum();
 174   3      		}
 175   2      	}
 176   1      	if(k4==0&&ET0==0)
 177   1      	{
 178   2      		delay(5);
 179   2      		if(k4==0)
C51 COMPILER V6.12  NEW                                                                    12/21/2009 21:02:08 PAGE 4   

 180   2      		{
 181   3      			if(ET0==0)
 182   3      				if(num<max)
 183   3      				num++;
 184   3      				m=min[num];
 185   3      				s=sec[num];
 186   3      		}
 187   2      		while(k4==0)
 188   2      		{
 189   3      		convert0(m);
 190   3      		convert1(s);
 191   3      		convert2(num);
 192   3      		displaytime();
 193   3      		displaynum();
 194   3      		}
 195   2      	}
 196   1      }
 197          void main()
 198          {
 199   1      	init();
 200   1      	displayinit();
 201   1      	while(1)
 202   1      	{
 203   2      		convert0(m);
 204   2      		convert1(s);
 205   2      		convert2(num);
 206   2      		displaytime();
 207   2      		displaynum();
 208   2      		keyscan();
 209   2      	}
 210   1      }
 211          void timer0() interrupt 1
 212          {
 213   1      		TH0=(65536-50000)/256;
 214   1      	   TL0=(65536-50000)%256;
 215   1      		aa++;
 216   1      		if(aa==2)
 217   1      		{   
 218   2      			aa=0;
 219   2      			s++;
 220   2      			if(s==600)
 221   2      			{
 222   3      				m++;
 223   3      				s=0;
 224   3      			}
 225   2      		}		
 226   1      }
 227          


MODULE INFORMATION:   STATIC OVERLAYABLE
   CODE SIZE        =    654    ----
   CONSTANT SIZE    =     21    ----
   XDATA SIZE       =   ----    ----
   PDATA SIZE       =   ----    ----
   DATA SIZE        =    119    ----
   IDATA SIZE       =   ----    ----
   BIT SIZE         =   ----    ----
END OF MODULE INFORMATION.


C51 COMPILATION COMPLETE.  0 WARNING(S),  0 ERROR(S)
