C51 COMPILER V8.09   MAIN                                                                  07/23/2010 14:28:54 PAGE 1   


C51 COMPILER V8.09, COMPILATION OF MODULE MAIN
OBJECT MODULE PLACED IN main.OBJ
COMPILER INVOKED BY: C:\Keil\C51\BIN\C51.EXE main.c BROWSE DEBUG OBJECTEXTEND

line level    source

   1          #include <reg52.h>
   2          #define uchar unsigned char
   3          #define uint unsigned int
   4          uchar time1,time2,time3,t1bak,t2bak,t3bak;
   5          uchar count=0;
   6          uchar buff=0;
   7          void init7219();
   8          void write7219(uchar,uchar);
   9          void showtime(uchar,uchar);
  10          void init()
  11          {
  12   1              t1bak=t2bak=15;t3bak=2;//默认双向通行时间均为15S;黄灯警示时间为2S;
  13   1              time1=t1bak; time2=t2bak; time3=t3bak;
  14   1              TMOD=0x01;
  15   1              TH0=(65536-50000)/256;
  16   1              TL0=(65536-50000)%256;
  17   1              EA=1;
  18   1              ET0=1;
  19   1              TR0=1;
  20   1              init7219();
  21   1      }
  22          void main()
  23          {
  24   1      //      init();
  25   1              init7219();
  26   1              showtime(1,234);
  27   1              while(1);
  28   1      }
  29          void showtime(uchar dat1,uchar dat2)
  30          {
  31   1              write7219(1,dat1>99?dat1/100:0x0f);
  32   1              write7219(2,dat1%100/10);
  33   1              write7219(3,dat1%10);
  34   1              write7219(5,dat2>99?dat2/100:0x0f);
  35   1              write7219(6,dat2%100/10);
  36   1              write7219(7,dat2%10);
  37   1      }
  38          void timer0() interrupt 1
  39          {
  40   1              TH0=(65536-50000)/256;
  41   1              TL0=(65536-50000)%256;
  42   1              count++;
  43   1              if(count==20)
  44   1              {
  45   2                      count=0;
  46   2                      switch(buff)
  47   2                      {
  48   3                              case 0:
  49   3                              {
  50   4                                      P1=0x14;
  51   4                                      showtime(time1,time1+time3);
  52   4                                      time1--;
  53   4                                      if(!time1)
  54   4                                      {
  55   5                                              time1=t1bak;
C51 COMPILER V8.09   MAIN                                                                  07/23/2010 14:28:54 PAGE 2   

  56   5                                              buff++;
  57   5                                      }
  58   4                              }       break;
  59   3                              case 1:
  60   3                              {
  61   4                                      P1=0x12;
  62   4                                      showtime(time3,time3);
  63   4                                      time3--;
  64   4                                      if(!time3)
  65   4                                      {
  66   5                                              time3=t3bak;
  67   5                                              buff++;
  68   5                                      }
  69   4                              }       break;
  70   3                              case 2:
  71   3                              {
  72   4                                      P1=0x41;
  73   4                                      showtime(time2+time3,time2);
  74   4                                      time2--;
  75   4                                      if(!time2)
  76   4                                      {
  77   5                                              time2=t2bak;
  78   5                                              buff++;
  79   5                                      }
  80   4                              }       break;
  81   3                              case 3:
  82   3                              {
  83   4                                      P1=0x21;
  84   4                                      showtime(time3,time3);
  85   4                                      time3--;
  86   4                                      if(!time3)
  87   4                                      {
  88   5                                              time3=t3bak;
  89   5                                              buff=0;
  90   5                                      }
  91   4                              }       break;
  92   3                      }               
  93   2              }
  94   1      }


MODULE INFORMATION:   STATIC OVERLAYABLE
   CODE SIZE        =    338    ----
   CONSTANT SIZE    =   ----    ----
   XDATA SIZE       =   ----    ----
   PDATA SIZE       =   ----    ----
   DATA SIZE        =      8       2
   IDATA SIZE       =   ----    ----
   BIT SIZE         =   ----    ----
END OF MODULE INFORMATION.


C51 COMPILATION COMPLETE.  0 WARNING(S),  0 ERROR(S)
