C51 COMPILER V8.09   LED                                                                   10/13/2010 19:19:02 PAGE 1   


C51 COMPILER V8.09, COMPILATION OF MODULE LED
OBJECT MODULE PLACED IN LED.OBJ
COMPILER INVOKED BY: C:\Keil\C51\BIN\C51.EXE LED.c BROWSE DEBUG OBJECTEXTEND

line level    source

   1          #include <reg52.h>
   2          #include <stdio.h>
   3          #define U8 unsigned char
   4          #define U16 unsigned int
   5          
   6          sbit scl=P1^1;
   7          sbit sclk=P1^2;
   8          sbit sda=P1^4;
   9          
  10          sbit clk=P3^6;
  11          sbit OE=P2^4;
  12          
  13          U8 code table[]={0xc0,0xf9,0xa4,0xb0,0x99,0x92,0x82,0xf8,0x80,0x90};
  14          U8 counter=0,buf=0;
  15          char date=0;
  16          void delay_1ms(U16 z)
  17          {
  18   1              U8 i;
  19   1              while(z--)
  20   1                      for(i=0;i<110;i++);
  21   1      }
  22          
  23          void hc595_write(U8 dat)
  24          {
  25   1              U8 i,save_P1=P1,temp=0;
  26   1              temp|=(dat&0xf0);
  27   1              temp|=(U8)(bit)(dat&(1<<1))<<0;
  28   1              temp|=(U8)(bit)(dat&(1<<0))<<1;
  29   1              temp|=(U8)(bit)(dat&(1<<2))<<3;
  30   1              temp|=(U8)(bit)(dat&(1<<3))<<2;
  31   1              for(i=0;i<8;i++)
  32   1              {
  33   2                      temp<<=1;
  34   2                      sda=CY;
  35   2                      scl=0;
  36   2                      scl=1;
  37   2              }
  38   1              sclk=0;
  39   1              sclk=1;
  40   1              P1=save_P1;
  41   1      }
  42          
  43          void digit(U8 add,U8 dat)
  44          {
  45   1              P2=~(1<<(add-1));
  46   1              OE=0;
  47   1              P0=table[dat];
  48   1              clk=0;
  49   1              clk=1;
  50   1              delay_1ms(5);
  51   1      }
  52          
  53          void main()
  54          {
  55   1              hc595_write(~1);
C51 COMPILER V8.09   LED                                                                   10/13/2010 19:19:02 PAGE 2   

  56   1              TMOD=0x01;
  57   1              TH0=(65536-45678)/256;
  58   1              TL0=(65536-45678)%256;
  59   1              ET0=1;
  60   1              TR0=1;
  61   1              EA=1;
  62   1              while(1)
  63   1              {
  64   2                      digit(3,date/10);
  65   2                      digit(4,date%10);
  66   2              }
  67   1      }
  68          
  69          void timer0() interrupt 1
  70          {
  71   1              TH0=(65536-45678)/256;
  72   1              TL0=(65536-45678)%256;
  73   1              counter++;
  74   1              if(counter==20)
  75   1              {
  76   2                      counter=0;
  77   2                      if(buf==0)
  78   2                              date++;
  79   2                      else
  80   2                              date--;
  81   2                      if(date==7)
  82   2                              buf=1;
  83   2                      if(date==0)
  84   2                              buf=0;
  85   2                      hc595_write(~(1<<date));
  86   2              }
  87   1      }


MODULE INFORMATION:   STATIC OVERLAYABLE
   CODE SIZE        =    267    ----
   CONSTANT SIZE    =     10    ----
   XDATA SIZE       =   ----    ----
   PDATA SIZE       =   ----    ----
   DATA SIZE        =      3    ----
   IDATA SIZE       =   ----    ----
   BIT SIZE         =   ----    ----
END OF MODULE INFORMATION.


C51 COMPILATION COMPLETE.  0 WARNING(S),  0 ERROR(S)
