C51 COMPILER V8.09   RE2                                                                   10/13/2010 13:33:51 PAGE 1   


C51 COMPILER V8.09, COMPILATION OF MODULE RE2
OBJECT MODULE PLACED IN Re2.OBJ
COMPILER INVOKED BY: C:\Keil\C51\BIN\C51.EXE Re2.c BROWSE DEBUG OBJECTEXTEND

line level    source

   1          #include <reg52.h>
   2          #include <intrins.h>
   3          #include <stdio.h>
   4          sbit sda=P2^6;
   5          sbit scl=P2^5;
   6          
   7          sbit OE=P2^4;
   8          sbit clk=P3^6;
   9          
  10          U8 dat=0;
  11          U8 counter=0;
  12          U8 code table[]={0xC0,/*0*/0xF9,/*1*/0xA4,/*2*/0xB0,/*3*/0x99,/*4*/0x92,/*5*/0x82,/*6*/0xF8,/*7*/0x80,/*8*
             -/0x90,/*9*/};
  13          
  14          void delay_1ms(U16 z)
  15          {
  16   1              U8 i;
  17   1              while(z--)
  18   1                      for(i=0;i<110;i++);
  19   1      }
  20          
  21          void start()
  22          {
  23   1              sda=1;
  24   1              scl=1;
  25   1              sda=0;
  26   1      }
  27          
  28          void stop()
  29          {
  30   1              sda=0;
  31   1              scl=1;
  32   1              sda=1;
  33   1      }
  34          
  35          void response()
  36          {
  37   1              U8 i=0;
  38   1              scl=1;
  39   1              while(sda==1&&i<250)
  40   1                      i++;
  41   1              scl=0;
  42   1      }
  43          
  44          void iic_writeonechar(U8 dat)
  45          {
  46   1              U8 i;
  47   1              for(i=0;i<8;i++)
  48   1              {
  49   2                      dat<<=1;
  50   2                      scl=0;
  51   2                      sda=CY;
  52   2                      scl=1;
  53   2              }
  54   1              scl=0;
C51 COMPILER V8.09   RE2                                                                   10/13/2010 13:33:51 PAGE 2   

  55   1              sda=1;
  56   1              response();
  57   1      }
  58          
  59          U8 iic_readonechar()
  60          {
  61   1              U8 i,temp=0;
  62   1              scl=0;
  63   1              sda=1;
  64   1              for(i=0;i<8;i++)
  65   1              {
  66   2                      scl=1;
  67   2                      temp|=((U8)sda)<<(7-i);
  68   2                      scl=0;
  69   2              }
  70   1              return temp;
  71   1      }
  72          
  73          void iic_write(U8 add,U8 dat)
  74          {
  75   1              start();
  76   1              iic_writeonechar(0xa0);
  77   1              iic_writeonechar(add);
  78   1              iic_writeonechar(dat);
  79   1              stop();
  80   1      }
  81          
  82          U8 iic_read(U8 add)
  83          {
  84   1              U8 temp=0;
  85   1              start();
  86   1              iic_writeonechar(0xa0);
  87   1              iic_writeonechar(add);
  88   1              start();
  89   1              iic_writeonechar(0xa1);
  90   1              temp=iic_readonechar();
  91   1              stop();
  92   1              return temp;
  93   1      }
  94          
  95          void iic_init()
  96          {
  97   1              scl=1;
  98   1              sda=1;
  99   1      }
 100          
 101          void digit(U8 add,U8 dat)
 102          {
 103   1              P2=~(1<<(add-1));
 104   1              OE=0;
 105   1              P0=table[dat];
 106   1              clk=0;
 107   1              clk=1;
 108   1              delay_1ms(5);
 109   1      }
 110          
 111          void main()
 112          {
 113   1              TMOD=0x01;
 114   1              TH0=(65536-45678)/256;
 115   1              TL0=(65536-45678)%256;
 116   1              ET0=1;
C51 COMPILER V8.09   RE2                                                                   10/13/2010 13:33:51 PAGE 3   

 117   1              TR0=1;
 118   1              EA=1;
 119   1              dat=iic_read(1);
 120   1              while(1)
 121   1              {
 122   2                      digit(2,dat/100);
 123   2                      digit(3,dat%100/10);
 124   2                      digit(4,dat%10);
 125   2              }
 126   1      }
 127          
 128          void timer0() interrupt 1
 129          {
 130   1              iic_init();
 131   1              TH0=(65536-45678)/256;
 132   1              TL0=(65536-45678)%256;
 133   1              counter++;
 134   1              if(counter==20)
 135   1              {
 136   2                      counter=0;
 137   2                      dat++;
 138   2                      if(dat==200)
 139   2                              dat=0;
 140   2                      iic_write(1,dat);
 141   2              }       
 142   1      }


MODULE INFORMATION:   STATIC OVERLAYABLE
   CODE SIZE        =    344    ----
   CONSTANT SIZE    =     10    ----
   XDATA SIZE       =   ----    ----
   PDATA SIZE       =   ----    ----
   DATA SIZE        =      2    ----
   IDATA SIZE       =   ----    ----
   BIT SIZE         =   ----    ----
END OF MODULE INFORMATION.


C51 COMPILATION COMPLETE.  0 WARNING(S),  0 ERROR(S)
