C51 COMPILER V8.09   REDO                                                                  10/11/2010 15:10:25 PAGE 1   


C51 COMPILER V8.09, COMPILATION OF MODULE REDO
OBJECT MODULE PLACED IN ReDo.OBJ
COMPILER INVOKED BY: C:\Keil\C51\BIN\C51.EXE ReDo.c BROWSE DEBUG OBJECTEXTEND

line level    source

   1          #include <reg52.h>
   2          #include <intrins.h>
   3          #include <stdio.h>
   4          sbit sda=P2^6;
   5          sbit scl=P2^5;
   6          
   7          sbit OE=P2^4;
   8          sbit clk=P3^6;
   9          
  10          sbit key0=P3^2;
  11          U8 code table[]={0xC0,/*0*/0xF9,/*1*/0xA4,/*2*/0xB0,/*3*/0x99,/*4*/0x92,/*5*/0x82,/*6*/0xF8,/*7*/0x80,/*8*
             -/0x90,/*9*/};
  12          U8 key=0;
  13          
  14          void start()
  15          {
  16   1              sda=1;
  17   1              scl=1;
  18   1              sda=0;
  19   1      }
  20          
  21          void stop()
  22          {
  23   1              sda=0;
  24   1              scl=1;
  25   1              sda=1;
  26   1      }
  27          
  28          void response()
  29          {
  30   1              U8 i;
  31   1              scl=1;
  32   1              while(sda==1&&i<250)
  33   1                      i++;
  34   1              scl=0;
  35   1      }
  36          
  37          void iic_writeonechar(U8 dat)
  38          {
  39   1              U8 i;
  40   1              for(i=0;i<8;i++)
  41   1              {
  42   2                      dat<<=1;
  43   2                      scl=0;
  44   2                      sda=CY;
  45   2                      scl=1;
  46   2              }
  47   1              scl=0;
  48   1              sda=1;
  49   1              response();
  50   1      }
  51          
  52          U8 iic_readonechar()
  53          {
  54   1              U8 i,temp;
C51 COMPILER V8.09   REDO                                                                  10/11/2010 15:10:25 PAGE 2   

  55   1              scl=0;
  56   1              sda=1;
  57   1              for(i=0;i<8;i++)
  58   1              {
  59   2                      scl=1;
  60   2                      temp|=((U8)sda)<<(7-i);
  61   2                      scl=0;
  62   2              }
  63   1              return temp;
  64   1      }
  65          
  66          void iic_write(U8 add,U8 dat)
  67          {
  68   1              start();
  69   1              iic_writeonechar(0xa0);
  70   1              iic_writeonechar(add);
  71   1              iic_writeonechar(dat);
  72   1              stop();
  73   1      }
  74          
  75          U8 iic_read(U8 add)
  76          {
  77   1              U8 temp;
  78   1              start();
  79   1              iic_writeonechar(0xa0);
  80   1              iic_writeonechar(add);
  81   1              start();
  82   1              iic_writeonechar(0xa1);
  83   1              temp=iic_readonechar();
  84   1              stop();
  85   1              return temp;
  86   1      }
  87          
  88          void iic_init()
  89          {
  90   1              scl=1;
  91   1              sda=1;
  92   1      }
  93          
  94          void delay_1ms(U16 z)
  95          {
  96   1              U8 i;
  97   1              while(z--)
  98   1                      for(i=0;i<110;i++);
  99   1      }
 100          
 101          void digit(U8 add,U8 dat)
 102          {
 103   1              P2=~(1<<(add-1));
 104   1              OE=0;
 105   1              P0=table[dat];
 106   1              clk=0;
 107   1              clk=1;
 108   1              delay_1ms(5);
 109   1      }
 110          void display()
 111          {
 112   1                      digit(2,key/100);
 113   1                      digit(3,key%100/10);
 114   1                      digit(4,key%10);
 115   1      }
 116          void main()
C51 COMPILER V8.09   REDO                                                                  10/11/2010 15:10:25 PAGE 3   

 117          {
 118   1              EA=1;
 119   1              EX0=1;
 120   1              iic_init();
 121   1              key=iic_read(1);
 122   1              while(1)
 123   1              {
 124   2                      display();
 125   2              }
 126   1      }
 127          
 128          void int0() interrupt 0
 129          {
 130   1              key++;
 131   1              iic_write(1,key);
 132   1              if(key==200)
 133   1                      key=0;
 134   1              while(key0==0)
 135   1                      display();
 136   1      }


MODULE INFORMATION:   STATIC OVERLAYABLE
   CODE SIZE        =    345    ----
   CONSTANT SIZE    =     10    ----
   XDATA SIZE       =   ----    ----
   PDATA SIZE       =   ----    ----
   DATA SIZE        =      1       1
   IDATA SIZE       =   ----    ----
   BIT SIZE         =   ----    ----
END OF MODULE INFORMATION.


C51 COMPILATION COMPLETE.  0 WARNING(S),  0 ERROR(S)
