C51 COMPILER V6.12  DS18B20_DRIVER                                                         04/20/2010 21:33:12 PAGE 1   


C51 COMPILER V6.12, COMPILATION OF MODULE DS18B20_DRIVER
OBJECT MODULE PLACED IN .\ds18b20_driver.OBJ
COMPILER INVOKED BY: C:\Keil\C51\BIN\C51.EXE .\ds18b20_driver.c DEBUG OBJECTEXTEND

stmt level    source

   1          #include <reg52.h>
   2          sbit DQ =P2^4;   //定义通信端口
   3          unsigned char A1,A2,A3,A2t,dispno;
   4          int temp1;
   5          void delayus(unsigned int i)
   6          {
   7   1      	 while(i--);
   8   1      }
   9          Init_DS18B20(void)
  10          {
  11   1      	 unsigned char x=0;
  12   1      	 DQ = 1;    //DQ复位
  13   1      	 delayus(8);  //稍做延时
  14   1      	 DQ = 0;    //单片机将DQ拉低
  15   1      	 delayus(80); //精确延时 大于 480us
  16   1      	 DQ = 1;    //拉高总线
  17   1      	 delayus(14);
  18   1      	 x=DQ;      //稍做延时后 如果x=0则初始化成功 x=1则初始化失败
  19   1      	 delayus(20);
  20   1      }
  21          ReadOneChar(void)
  22          {
  23   1      unsigned char i=0;
  24   1      unsigned char dat = 0;
  25   1      for (i=8;i>0;i--)
  26   1       {
  27   2      	  DQ = 0; // 给脉冲信号
  28   2      	  dat>>=1;
  29   2      	  DQ = 1; // 给脉冲信号
  30   2      	  if(DQ)
  31   2      	   dat|=0x80;
  32   2      	  delayus(4);
  33   2       }
  34   1       return(dat);
  35   1      }
  36          //写一个字节
  37          WriteOneChar(unsigned char dat)
  38          {
  39   1       unsigned char i=0;
  40   1       for (i=8; i>0; i--)
  41   1       {
  42   2        DQ = 0;
  43   2        DQ = dat&0x01;
  44   2        delayus(5);
  45   2        DQ = 1;
  46   2        dat>>=1;
  47   2       }
  48   1      delayus(4);
  49   1      }
  50          //读取温度
  51          int readtemp()
  52          {
  53   1      	unsigned char a=0;
  54   1      	unsigned char b=0;
  55   1      	unsigned int t=0;
C51 COMPILER V6.12  DS18B20_DRIVER                                                         04/20/2010 21:33:12 PAGE 2   

  56   1      	float tt=0;
  57   1      	Init_DS18B20();
  58   1      	WriteOneChar(0xCC); // 跳过读序号列号的操作
  59   1      	WriteOneChar(0x44); // 启动温度转换
  60   1      	Init_DS18B20();
  61   1      	WriteOneChar(0xCC); //跳过读序号列号的操作
  62   1      	WriteOneChar(0xBE); //读取温度寄存器等（共可读9个寄存器） 前两个就是温度
  63   1      	a=ReadOneChar();
  64   1      	b=ReadOneChar();
  65   1      	t=b;
  66   1      	t<<=8;
  67   1      	t=t|a;
  68   1      	tt=t*0.0625;
  69   1      	t= tt*10+0.5; //放大10倍输出并四舍五入---此行没用
  70   1      	return(t);
  71   1      }


MODULE INFORMATION:   STATIC OVERLAYABLE
   CODE SIZE        =    247    ----
   CONSTANT SIZE    =   ----    ----
   XDATA SIZE       =   ----    ----
   PDATA SIZE       =   ----    ----
   DATA SIZE        =      7       6
   IDATA SIZE       =   ----    ----
   BIT SIZE         =   ----    ----
END OF MODULE INFORMATION.


C51 COMPILATION COMPLETE.  0 WARNING(S),  0 ERROR(S)
