C51 COMPILER V8.09   DELAY                                                                 04/25/2010 17:39:29 PAGE 1   


C51 COMPILER V8.09, COMPILATION OF MODULE DELAY
NO OBJECT MODULE REQUESTED
COMPILER INVOKED BY: C:\Keil\C51\BIN\C51.EXE delay.c DEBUG OBJECTEXTEND

line level    source

*** WARNING C500 IN LINE 1 OF DELAY.C: INCORRECT LICENSE ID CODE (LIC) IN 'TOOLS.INI'
   1          #include <reg51.h>
   2          void delay(int z)
   3          {
   4   1              int i,j;
   5   1              for(i=z;i>0;i--)
   6   1               for(j=22;j>0;j--);
   7   1      }


MODULE INFORMATION:   STATIC OVERLAYABLE
   CODE SIZE        =     32    ----
   CONSTANT SIZE    =   ----    ----
   XDATA SIZE       =   ----    ----
   PDATA SIZE       =   ----    ----
   DATA SIZE        =   ----    ----
   IDATA SIZE       =   ----    ----
   BIT SIZE         =   ----    ----
END OF MODULE INFORMATION.


C51 COMPILATION COMPLETE.  1 WARNING(S),  0 ERROR(S)
