C51 COMPILER V8.09   MAIN                                                                  04/25/2010 17:39:29 PAGE 1   


C51 COMPILER V8.09, COMPILATION OF MODULE MAIN
NO OBJECT MODULE REQUESTED
COMPILER INVOKED BY: C:\Keil\C51\BIN\C51.EXE main.c DEBUG OBJECTEXTEND

line level    source

*** WARNING C500 IN LINE 1 OF MAIN.C: INCORRECT LICENSE ID CODE (LIC) IN 'TOOLS.INI'
   1          #include <reg52.h>
   2          unsigned char *p1,*p2,*p3,*p4,*p5;
   3          unsigned char k;
   4          unsigned char code table[]={0x00,0x01,0x02,0x03,0x04,0x05,0x06,0x07,0x08,0x09,0x0a,0x0b,0x0c,0x0d,0x0e,0x0
             -f};
   5          unsigned char code decode[][16]={
   6          {0x02,0x01,0x7F,0x00,0x07,0x04,0x07,0x00,0x7F,0x40,0x47,0x44,0x44,0x47,0x40,0x00},//高
   7          {0x00,0x00,0xFC,0x00,0xC0,0x40,0xC0,0x00,0xFC,0x04,0xC4,0x44,0x44,0xD4,0x0C,0x00},
   8          {0x01,0x02,0x04,0x08,0x10,0x20,0xDF,0x01,0x01,0x01,0x0F,0x01,0x05,0x03,0x7F,0x00},//金
   9          {0x00,0x80,0x40,0x20,0x10,0x08,0xF7,0x00,0x00,0x00,0xE0,0x00,0x40,0x80,0xFE,0x00},
  10          {0x01,0x01,0x01,0x01,0x7F,0x01,0x01,0x01,0x03,0x02,0x04,0x08,0x10,0x60,0x01,0x00},//龙
  11          {0x00,0x40,0x30,0x00,0xFE,0x00,0x00,0x04,0x08,0x88,0x90,0x90,0xA4,0x7E,0x80,0x00},
  12          {0x1F,0x10,0x10,0x1F,0x10,0x10,0x1F,0x00,0xFF,0x02,0x0B,0x0A,0x12,0x1A,0x24,0x83},//是
  13          {0xE0,0x20,0x20,0xE0,0x20,0x20,0xE0,0x00,0xFC,0x00,0xF0,0x00,0x00,0x00,0x00,0xFE},
  14          {0x10,0x21,0x20,0x40,0x40,0x80,0xFF,0x85,0x48,0x48,0x28,0x10,0x38,0x48,0xC6,0x80},//好
  15          {0x00,0xFC,0x04,0x18,0x20,0x40,0x40,0xFE,0x10,0x10,0x08,0x08,0x08,0x28,0x18,0x00},
  16          {0x01,0x01,0x01,0x01,0x01,0x01,0x01,0x01,0x02,0x02,0x04,0x04,0x08,0x10,0x60,0x80},//人
  17          {0x00,0x00,0x00,0x00,0x00,0x00,0x00,0x00,0x80,0x80,0x40,0x20,0x10,0x08,0x04,0x03},
  18          {0x20,0x20,0x7F,0x10,0x08,0x04,0x00,0x79,0x01,0x01,0x79,0x01,0x01,0x05,0x79,0x00},//范
  19          {0x08,0x08,0xFC,0x10,0x20,0x40,0x00,0xFC,0x04,0x04,0x04,0x14,0x0C,0x02,0xFE,0x00},
  20          {0x00,0x08,0x08,0x08,0x7E,0x08,0x0A,0x0D,0x39,0x4A,0x0A,0x0A,0x2C,0x18,0x00,0x00},//振
  21          {0x00,0xFE,0x80,0xFC,0x80,0xFE,0xC0,0x40,0x44,0x68,0x50,0x50,0x48,0x64,0x00,0x00},
  22          {0x00,0x3F,0x00,0x10,0x10,0x0C,0x04,0x7F,0x00,0x00,0x00,0x00,0x00,0x00,0x00,0x00},//平
  23          {0x00,0xFE,0x80,0x88,0x98,0x90,0xA0,0xFE,0x80,0x80,0x80,0x80,0x80,0x80,0x80,0x00},
  24          {0x00,0x01,0x01,0x01,0x01,0x7F,0x01,0x02,0x02,0x04,0x08,0x18,0x20,0x40,0x00,0x00},//大
  25          {0x00,0x00,0x00,0x00,0x00,0xFE,0x00,0x80,0x80,0x80,0x40,0x20,0x30,0x1C,0x00,0x00},
  26          {0x00,0x07,0x10,0x10,0x10,0x11,0x7E,0x10,0x10,0x10,0x10,0x14,0x18,0x10,0x20,0x00},//坏
  27          {0x00,0xFC,0x40,0x80,0x80,0xC0,0xC0,0xA0,0x90,0x8C,0x80,0x80,0x80,0x80,0x80,0x00},
  28          {0x00,0x3F,0x02,0x0A,0x0A,0x12,0x30,0x4F,0x02,0x3F,0x22,0x22,0x3F,0x02,0x7F,0x00},//蛋
  29          {0x00,0xFE,0x0C,0x10,0x20,0x00,0x00,0xFE,0x00,0xE0,0x20,0x20,0xE0,0x20,0xF0,0x08},
  30          };
  31          void writetwochar(unsigned char,unsigned char,unsigned char,unsigned char,unsigned char);
  32          void delay(int);
  33          void main()
  34          {
  35   1              int originaladd,total;
  36   1              unsigned char i,j;
  37   1              originaladd= &decode[0][0];
*** WARNING C260 IN LINE 37 OF MAIN.C: '=': pointer truncation
  38   1              total=sizeof(decode);
  39   1              p1=&decode[0][0];       p2=&decode[1][0];       p3=&decode[2][0]; p4=&decode[3][0]; p5=&decode[4][0];
  40   1              while(1)
  41   1              {
  42   2                      for(k=0;k<8;k++)
  43   2                      {
  44   3                              for(j=0;j<2;j++)
  45   3                              {
  46   4                                      for(i=0;i<16;i++)
  47   4                                      {
  48   5                                              P2=table[i];
  49   5                                              writetwochar(*(p5+i),*(p4+i),*(p3+i),*(p2+i),*(p1+i));
  50   5                                              delay(10);
  51   5                                      }
  52   4                              }
C51 COMPILER V8.09   MAIN                                                                  04/25/2010 17:39:29 PAGE 2   

  53   3                      }
  54   2                      p1=p2;p2=p3;p3=p4;p4=p5;p5=p5+16;
  55   2                      if(p5-originaladd==total) p5=&decode[0][0];
  56   2              }
  57   1      }


MODULE INFORMATION:   STATIC OVERLAYABLE
   CODE SIZE        =    283    ----
   CONSTANT SIZE    =    400    ----
   XDATA SIZE       =   ----    ----
   PDATA SIZE       =   ----    ----
   DATA SIZE        =     16       6
   IDATA SIZE       =   ----    ----
   BIT SIZE         =   ----    ----
END OF MODULE INFORMATION.


C51 COMPILATION COMPLETE.  2 WARNING(S),  0 ERROR(S)
