C51 COMPILER V6.12  DS18B20_DRIVER                                                         04/04/2010 21:23:34 PAGE 1   


C51 COMPILER V6.12, COMPILATION OF MODULE DS18B20_DRIVER
OBJECT MODULE PLACED IN .\ds18b20_driver.OBJ
COMPILER INVOKED BY: C:\Keil\C51\BIN\C51.EXE .\ds18b20_driver.c DEBUG OBJECTEXTEND

stmt level    source

   1          #include <reg52.h>
   2          sbit DQ =P2^4;   //定义通信端口
   3          unsigned char A1,A2,A3,A2t,dispno;
   4          unsigned int temp1;
   5          void delay(int);
   6          void delayus(unsigned int i)
   7          {
   8   1      	 while(i--);
   9   1      }
  10          Init_DS18B20(void)
  11          {
  12   1      	 unsigned char x=0;
  13   1      	 DQ = 1;    //DQ复位
  14   1      	 delayus(8);  //稍做延时
  15   1      	 DQ = 0;    //单片机将DQ拉低
  16   1      	 delayus(80); //精确延时 大于 480us
  17   1      	 DQ = 1;    //拉高总线
  18   1      	 delayus(14);
  19   1      	 x=DQ;      //稍做延时后 如果x=0则初始化成功 x=1则初始化失败
  20   1      	 delayus(20);
  21   1      }
  22          ReadOneChar(void)
  23          {
  24   1      unsigned char i=0;
  25   1      unsigned char dat = 0;
  26   1      for (i=8;i>0;i--)
  27   1       {
  28   2      	  DQ = 0; // 给脉冲信号
  29   2      	  dat>>=1;
  30   2      	  DQ = 1; // 给脉冲信号
  31   2      	  if(DQ)
  32   2      	   dat|=0x80;
  33   2      	  delayus(4);
  34   2       }
  35   1       return(dat);
  36   1      }
  37          //写一个字节
  38          WriteOneChar(unsigned char dat)
  39          {
  40   1       unsigned char i=0;
  41   1       for (i=8; i>0; i--)
  42   1       {
  43   2        DQ = 0;
  44   2        DQ = dat&0x01;
  45   2        delayus(5);
  46   2        DQ = 1;
  47   2        dat>>=1;
  48   2       }
  49   1      delayus(4);
  50   1      }
  51          //读取温度
  52          unsigned int readtemp(void)
  53          {
  54   1      	unsigned char a=0;
  55   1      	unsigned char b=0;
C51 COMPILER V6.12  DS18B20_DRIVER                                                         04/04/2010 21:23:34 PAGE 2   

  56   1      	unsigned int t=0;
  57   1      	float tt=0;
  58   1      	Init_DS18B20();
  59   1      	WriteOneChar(0xCC); // 跳过读序号列号的操作
  60   1      	WriteOneChar(0x44); // 启动温度转换
  61   1      	Init_DS18B20();
  62   1      	WriteOneChar(0xCC); //跳过读序号列号的操作
  63   1      	WriteOneChar(0xBE); //读取温度寄存器等（共可读9个寄存器） 前两个就是温度
  64   1      	a=ReadOneChar();
  65   1      	b=ReadOneChar();
  66   1      	t=b;
  67   1      	t<<=8;
  68   1      	t=t|a;
  69   1      	tt=t*0.0625;
  70   1      	t= tt*10+0.5; //放大10倍输出并四舍五入---此行没用
  71   1      	return(t);
  72   1      }


MODULE INFORMATION:   STATIC OVERLAYABLE
   CODE SIZE        =    247    ----
   CONSTANT SIZE    =   ----    ----
   XDATA SIZE       =   ----    ----
   PDATA SIZE       =   ----    ----
   DATA SIZE        =      7       6
   IDATA SIZE       =   ----    ----
   BIT SIZE         =   ----    ----
END OF MODULE INFORMATION.


C51 COMPILATION COMPLETE.  0 WARNING(S),  0 ERROR(S)
