C51 COMPILER V6.12  LCDDRAW                                                                04/04/2010 17:09:49 PAGE 1   


C51 COMPILER V6.12, COMPILATION OF MODULE LCDDRAW
OBJECT MODULE PLACED IN .\lcddraw.OBJ
COMPILER INVOKED BY: C:\Keil\C51\BIN\C51.EXE .\lcddraw.c DEBUG OBJECTEXTEND

stmt level    source

   1          #include <reg52.h>
   2          sbit ln=P2^7;
   3          sbit ls=P2^5;
   4          sbit rw=P2^6;
   5          unsigned char code cha1[]={0x00,0x00,0x00,0x00,0x02,0x00,0x00,0x00,0x00,0x00,0x00,0x00,0x00,0x00,0x00,0x00
             -};
   6          unsigned char code cha2[]={0x00,0x00,0x04,0x00,0x03,0x00,0x00,0x00,0x00,0x00,0x00,0x00,0x00,0x00,0x00,0x00
             -};
   7          unsigned char code cha3[]={0xC0,0x00,0x04,0x00,0x01,0x00,0x00,0x00,0x00,0x00,0x00,0x00,0x00,0x00,0x00,0x00
             -};
   8          unsigned char code cha4[]={0xC0,0x00,0x04,0x08,0x01,0x00,0x00,0x00,0x00,0x00,0x08,0x00,0x00,0x00,0x00,0x00
             -};
   9          unsigned char code cha5[]={0x40,0x00,0x06,0x08,0x01,0x00,0x00,0x00,0x00,0x00,0x08,0x00,0x00,0x00,0x00,0x00
             -};
  10          unsigned char code cha6[]={0x40,0x00,0x06,0x08,0x01,0x00,0x00,0x00,0x00,0x00,0x08,0x00,0x00,0x00,0x00,0x00
             -};
  11          unsigned char code cha7[]={0x40,0x00,0x06,0x08,0x01,0x00,0x00,0x00,0x00,0x00,0x08,0x00,0x00,0x00,0x00,0x00
             -};
  12          unsigned char code cha8[]={0x60,0x00,0x0E,0x08,0x01,0x00,0x00,0x00,0x00,0x00,0x08,0x00,0x00,0x00,0x00,0x00
             -};
  13          unsigned char code cha9[]={0x20,0x00,0x0B,0x08,0x01,0x00,0x00,0x00,0x00,0x00,0x08,0x00,0x00,0x00,0x00,0x00
             -};
  14          unsigned char code cha10[]={0x20,0x00,0x09,0x08,0x01,0x00,0x00,0x00,0x00,0x00,0x00,0x00,0x00,0x00,0x00,0x0
             -0};
  15          unsigned char code cha11[]={0x20,0x00,0x09,0x08,0x31,0x00,0x00,0x00,0x00,0x00,0x08,0x00,0x00,0x00,0x00,0x0
             -0};
  16          unsigned char code cha12[]={0x20,0x80,0x09,0x08,0x39,0x00,0x00,0x00,0x00,0x00,0x08,0x00,0x00,0x00,0x00,0x0
             -0};
  17          unsigned char code cha13[]={0x20,0x80,0x10,0x08,0x4D,0x00,0xF8,0x03,0x1E,0x00,0x08,0x00,0x00,0x00,0x00,0x0
             -0};
  18          unsigned char code cha14[]={0x20,0x80,0x10,0x08,0xC5,0x00,0x06,0x02,0x33,0x00,0x00,0x00,0x00,0x00,0x00,0x0
             -0};
  19          unsigned char code cha15[]={0x20,0x40,0x10,0x08,0x87,0x00,0x03,0x42,0x21,0x00,0x08,0x00,0x00,0x00,0x00,0x0
             -0};
  20          unsigned char code cha16[]={0x60,0x40,0x10,0x08,0x83,0x00,0x01,0x42,0x21,0x00,0x08,0x00,0x00,0x00,0x00,0x0
             -0};
  21          unsigned char code cha17[]={0x40,0x60,0x20,0x08,0x83,0x81,0x01,0x42,0x21,0x00,0xC0,0x00,0x00,0x00,0x3C,0x0
             -0};
  22          unsigned char code cha18[]={0x40,0x20,0x20,0x08,0x01,0xF1,0x00,0xC1,0x20,0x00,0xE8,0x81,0x40,0x30,0x26,0x0
             -0};
  23          unsigned char code cha19[]={0x40,0x20,0x20,0x08,0x01,0xC1,0xFF,0xC1,0x20,0x00,0x38,0xC3,0x42,0x10,0x22,0x0
             -0};
  24          unsigned char code cha20[]={0xC0,0x10,0x20,0x08,0x01,0x81,0x00,0xC0,0x60,0x00,0x10,0x62,0x42,0x10,0x21,0x0
             -0};
  25          unsigned char code cha21[]={0x80,0x10,0x40,0x04,0x01,0x81,0x00,0xC0,0x40,0x00,0x08,0x22,0x83,0x10,0x21,0x0
             -0};
  26          unsigned char code cha22[]={0x80,0x18,0x40,0x04,0x01,0x81,0x00,0x40,0x40,0x00,0x08,0x22,0x83,0x18,0x3F,0x0
             -0};
  27          unsigned char code cha23[]={0x80,0x08,0x40,0x84,0x01,0x83,0x03,0x40,0x40,0x00,0x08,0xA2,0x03,0x89,0x01,0x0
             -0};
  28          unsigned char code cha24[]={0x80,0x09,0xC0,0x86,0x01,0x02,0x3C,0x46,0x40,0x00,0x0C,0xA2,0x06,0x89,0x00,0x0
             -0};
  29          unsigned char code cha25[]={0x00,0x09,0x80,0x82,0x00,0x02,0xC0,0x43,0xC0,0x00,0x0C,0x62,0x0C,0x8D,0x00,0x0
             -0};
  30          unsigned char code cha26[]={0x00,0x0D,0x80,0x83,0x00,0x02,0x00,0x40,0x00,0x00,0x0C,0x06,0x00,0x86,0x00,0x0
C51 COMPILER V6.12  LCDDRAW                                                                04/04/2010 17:09:49 PAGE 2   

             -0};
  31          unsigned char code cha27[]={0x00,0x07,0x00,0x81,0x00,0x00,0x00,0x40,0x00,0x00,0x04,0x04,0x00,0x86,0xC3,0x0
             -0};
  32          unsigned char code cha28[]={0x00,0x06,0x00,0x00,0x00,0x00,0x00,0x40,0x00,0x00,0x04,0x00,0x00,0x00,0x7C,0x0
             -0};
  33          unsigned char code cha29[]={0x00,0x00,0x00,0x00,0x00,0x00,0x00,0x00,0x00,0x00,0x00,0x00,0x00,0x00,0x00,0x0
             -0};
  34          unsigned char code cha30[]={0x00,0x00,0x00,0x00,0x00,0x00,0x00,0x00,0x00,0x00,0x00,0x00,0x00,0x00,0x00,0x0
             -0};
  35          unsigned char code cha31[]={0x00,0x00,0x00,0x00,0x00,0x00,0x00,0x00,0x00,0x00,0x00,0x00,0x00,0x00,0x00,0x0
             -0};
  36          unsigned char code cha32[]={0x00,0x00,0x00,0x00,0x00,0x00,0x00,0x00,0x00,0x00,0x00,0x00,0x00,0x00,0x00,0x0
             -0};
  37          unsigned char i;
  38          void delay(int z)
  39          {
  40   1      	int i,j;
  41   1              for(i=z;i>0;i--)
  42   1               for(j=110;j>0;j--);
  43   1      }
  44          void write_com(unsigned char com)
  45          {
  46   1      	rw=0;
  47   1      	delay(1);
  48   1      	ls=0;
  49   1      	delay(1);
  50   1          P0=com;
  51   1          delay(1);
  52   1          ln=1;
  53   1          delay(1);
  54   1          ln=0;
  55   1      	 delay(1);
  56   1      	 rw=1;
  57   1      	 delay(1);
  58   1      }
  59          void write_data(unsigned char date)
  60          {
  61   1      	rw=0;
  62   1      	delay(1);
  63   1      	ls=1;
  64   1      	delay(1);
  65   1          P0=date;
  66   1          delay(1);
  67   1          ln=1;
  68   1          delay(1);
  69   1          ln=0;
  70   1      	 delay(1);
  71   1      	 rw=1;
  72   1      	 delay(1);
  73   1      }
  74          void init_12232()
  75          {
  76   1      	 rw=0;
  77   1          ln=0;
  78   1      //    write_com(0x32);
  79   1      //    write_com(0x02);
  80   1      //    write_com(0x0f);
  81   1      //	 write_com(0x01);	
  82   1      	 write_com(0x36);
  83   1      	 delay(50);
  84   1      }
  85          void main()
C51 COMPILER V6.12  LCDDRAW                                                                04/04/2010 17:09:49 PAGE 3   

  86          {
  87   1      	unsigned char j;
  88   1      	init_12232();
  89   1      	for(j=0;j<32;j++)
  90   1      	{
  91   2      		write_com(0x40+j);
  92   2      		for(i=0;i<16;i++)
  93   2      		{
  94   3      			write_data(cha13[i]);
  95   3      		}
  96   2      	}
  97   1      
  98   1      }
  99          


MODULE INFORMATION:   STATIC OVERLAYABLE
   CODE SIZE        =    151    ----
   CONSTANT SIZE    =    512    ----
   XDATA SIZE       =   ----    ----
   PDATA SIZE       =   ----    ----
   DATA SIZE        =      1    ----
   IDATA SIZE       =   ----    ----
   BIT SIZE         =   ----    ----
END OF MODULE INFORMATION.


C51 COMPILATION COMPLETE.  0 WARNING(S),  0 ERROR(S)
