C51 COMPILER V6.12  DISPLAY                                                                04/07/2010 20:23:29 PAGE 1   


C51 COMPILER V6.12, COMPILATION OF MODULE DISPLAY
OBJECT MODULE PLACED IN .\display.OBJ
COMPILER INVOKED BY: C:\Keil\C51\BIN\C51.EXE .\display.c DEBUG OBJECTEXTEND

stmt level    source

   1          #include <reg52.h>
   2          #include "declare.h"
   3          #define decode_mode 0X09
   4          unsigned char secondold,minuteold,hourold,dayold,monthold,yearold,weekold;
   5          unsigned char alarmhourold,alarmminuteold;
   6          unsigned char code table[]={0x77,0x0e,0x77,0x77,0x76,0x76};
   7          void write7219one(unsigned char,unsigned char);
   8          void write7219two(unsigned char,unsigned char);
   9          void write7219three(unsigned char,unsigned char);
  10          void delay(int);
  11          void keyscan();
  12          unsigned char read_clock(unsigned char);
  13          void write7219one(unsigned char,unsigned char);
  14          void display18b20();
  15          void refreshtime()
  16          {
  17   1      	hour=readhour;
  18   1      	write7219one(0x07,hour/10);
  19   1      	write7219one(0x08,hour%10);
  20   1      
  21   1      	minute=readminute;
  22   1      	write7219two(0x01,minute/10);
  23   1      	write7219two(0x02,minute%10);
  24   1      
  25   1      	second=readsecond;
  26   1      	write7219two(0x03,second/10);
  27   1      	write7219two(0x04,second%10);
  28   1      	
  29   1      	week=readweek;
  30   1      	if(week==1) week=7;
  31   1      	else week-=1;
  32   1      	write7219two(0x05,week);
  33   1      
  34   1      	year=readyear;
  35   1      	write7219one(0x01,year/10);
  36   1      	write7219one(0x02,year%10);
  37   1      
  38   1      	month=readmonth;
  39   1      	write7219one(0x03,month/10);
  40   1      	write7219one(0x04,month%10);
  41   1      
  42   1      	day=readday;
  43   1      	write7219one(0x05,day/10);
  44   1      	write7219one(0x06,day%10);
  45   1      }
  46          void refreshsecond()
  47          {
  48   1      	second=readsecond;
  49   1      	write7219two(0x03,second/10);
  50   1      	write7219two(0x04,second%10);
  51   1      }
  52          void displaytime()
  53          {
  54   1      	write7219one(decode_mode,0xff);
  55   1      	refreshtime();
C51 COMPILER V6.12  DISPLAY                                                                04/07/2010 20:23:29 PAGE 2   

  56   1      	secondold=readsecond;
  57   1      	while(mode==0)
  58   1      	{
  59   2      		display18b20();
  60   2      		second=readsecond;
  61   2      		delay(50);
  62   2      		if(second!=secondold)
  63   2      		{
  64   3      			refreshsecond();
  65   3      			secondold=second;
  66   3      			if(second==0)
  67   3      			{
  68   4      				refreshtime();
  69   4      			}
  70   3      		}
  71   2      		keyscan();
  72   2      	}
  73   1      }
  74          void adjusttime()
  75          {
  76   1      	write7219one(decode_mode,0xff);
  77   1      	refreshtime();
  78   1      	yearold=year;weekold=week;monthold=month;
  79   1      	dayold=day;hourold=hour;minuteold=minute;secondold=second;
  80   1      	while(mode==1)
  81   1      	{
  82   2      		display18b20();
  83   2      		if(hour!=hourold)
  84   2      		{
  85   3      			write7219one(0x07,hour/10);
  86   3      			write7219one(0x08,hour%10);
  87   3      			hourold=hour;
  88   3      		}
  89   2      		if(minute!=minuteold)
  90   2      		{
  91   3      			write7219two(0x01,minute/10);
  92   3      			write7219two(0x02,minute%10);
  93   3      			minuteold=minute;
  94   3      		}
  95   2      		if(second!=secondold)
  96   2      		{
  97   3      			write7219two(0x03,second/10);
  98   3      			write7219two(0x04,second%10);
  99   3      			secondold=second;
 100   3      		}
 101   2      		if(week!=weekold)
 102   2      		{
 103   3      			unsigned char showweek;
 104   3      			if(week==1) showweek=7;
 105   3      			else showweek=week-1;
 106   3      			write7219two(0x05,showweek);
 107   3      			weekold=week;
 108   3      		}
 109   2      		if(year!=yearold)
 110   2      		{
 111   3      			write7219one(0x01,year/10);
 112   3      			write7219one(0x02,year%10);
 113   3      			yearold=year;
 114   3      		}
 115   2      		if(month!=monthold)
 116   2      		{
 117   3      			write7219one(0x03,month/10);
C51 COMPILER V6.12  DISPLAY                                                                04/07/2010 20:23:29 PAGE 3   

 118   3      			write7219one(0x04,month%10);
 119   3      			monthold=month;
 120   3      		}
 121   2      		if(day!=dayold)
 122   2      		{
 123   3      			write7219one(0x05,day/10);
 124   3      			write7219one(0x06,day%10);
 125   3      			dayold=day;
 126   3      		}
 127   2      		keyscan();
 128   2      	}
 129   1      }
 130          void displayalarm()
 131          {
 132   1      	write7219one(decode_mode,0xc0);
 133   1      	for(i=1;i<7;i++)
 134   1      	{
 135   2      		write7219one(i,table[i-1]);
 136   2      	}
 137   1      	write7219one(0x07,alarmhour/10);
 138   1      	write7219one(0x08,alarmhour%10);
 139   1      	write7219two(0x01,alarmminute/10);
 140   1      	write7219two(0x02,alarmminute%10);	
 141   1      	write7219two(0x03,0);
 142   1      	write7219two(0x04,0);
 143   1      	alarmhourold=alarmhour;
 144   1      	alarmminuteold=alarmminute;
 145   1      	while(mode==2)
 146   1      	{
 147   2      		display18b20();
 148   2      		if(alarmhour!=alarmhourold)
 149   2      		{
 150   3      			write7219one(0x07,alarmhour/10);
 151   3      			write7219one(0x08,alarmhour%10);
 152   3      			alarmhourold=alarmhour;
 153   3      		}
 154   2      		if(alarmminute!=alarmminuteold)
 155   2      		{
 156   3      			write7219two(0x01,alarmminute/10);
 157   3      			write7219two(0x02,alarmminute%10);
 158   3      			alarmminuteold=alarmminute;
 159   3      		}
 160   2      		keyscan();
 161   2      	}
 162   1      }


MODULE INFORMATION:   STATIC OVERLAYABLE
   CODE SIZE        =    782    ----
   CONSTANT SIZE    =      6    ----
   XDATA SIZE       =   ----    ----
   PDATA SIZE       =   ----    ----
   DATA SIZE        =      9       1
   IDATA SIZE       =   ----    ----
   BIT SIZE         =   ----    ----
END OF MODULE INFORMATION.


C51 COMPILATION COMPLETE.  0 WARNING(S),  0 ERROR(S)
