C51 COMPILER V6.12  DS1302_DRIVER                                                          04/07/2010 20:23:29 PAGE 1   


C51 COMPILER V6.12, COMPILATION OF MODULE DS1302_DRIVER
OBJECT MODULE PLACED IN .\ds1302_driver.OBJ
COMPILER INVOKED BY: C:\Keil\C51\BIN\C51.EXE .\ds1302_driver.c DEBUG OBJECTEXTEND

stmt level    source

   1          #include <reg52.h>
   2          #include "declare.h"
   3          sbit  DS1302_CLK = P1^1;              //实时时钟时钟线引脚 
   4          sbit  DS1302_IO  = P1^2;              //实时时钟数据线引脚 
   5          sbit  DS1302_RST = P1^0;              //实时时钟复位线引脚
   6          sbit  ACC0 = ACC^0;
   7          sbit  ACC7 = ACC^7;
   8          void delay(int);
   9          void write_add(unsigned char,unsigned char);
  10          unsigned char bcdconvert(unsigned char bcd)
  11          {
  12   1      	unsigned char target;
  13   1      	target=bcd>>4;
  14   1      	target=target*10+(bcd&=0x0f);
  15   1      	return(target);
  16   1      }
  17          unsigned char convertbcd(unsigned char ten)
  18          {
  19   1      	unsigned char bcd,a,b;
  20   1      	a=ten/10;
  21   1      	b=ten%10;
  22   1      	a=a<<4;
  23   1      	bcd=(a&=0xf0)+(b&=0x0f);
  24   1      	return(bcd);
  25   1      }
  26          void DS1302InputByte(unsigned char d) 	//实时时钟写入一字节(内部函数)
  27          { 
  28   1          unsigned char i;
  29   1          ACC = d;
  30   1          for(i=8; i>0; i--)
  31   1          {
  32   2              DS1302_IO = ACC0;           	//相当于汇编中的 RRC
  33   2              DS1302_CLK = 1;
  34   2              DS1302_CLK = 0;
  35   2              ACC = ACC >> 1; 
  36   2          } 
  37   1      }
  38          unsigned char DS1302OutputByte(void) 	//实时时钟读取一字节(内部函数)
  39          { 
  40   1          unsigned char i;
  41   1          for(i=8; i>0; i--)
  42   1          {
  43   2              ACC = ACC >>1;         			//相当于汇编中的 RRC 
  44   2              ACC7 = DS1302_IO;
  45   2              DS1302_CLK = 1;
  46   2              DS1302_CLK = 0;
  47   2          } 
  48   1          return(ACC); 
  49   1      }
  50          void write_clock(unsigned char ucAddr, unsigned char ucDa)	//ucAddr: DS1302地址, ucData: 要写的数据
  51          {
  52   1          DS1302_RST = 0;
  53   1          DS1302_CLK = 0;
  54   1          DS1302_RST = 1;
  55   1          DS1302InputByte(ucAddr);       	// 地址，命令 
C51 COMPILER V6.12  DS1302_DRIVER                                                          04/07/2010 20:23:29 PAGE 2   

  56   1          DS1302InputByte(convertbcd(ucDa));       	// 写1Byte数据
  57   1          DS1302_CLK = 1;
  58   1          DS1302_RST = 0;
  59   1      } 
  60          unsigned char read_clock(unsigned char ucAddr)	//读取DS1302某地址的数据
  61          {
  62   1          unsigned char ucData;
  63   1          DS1302_RST = 0;
  64   1          DS1302_CLK = 0;
  65   1          DS1302_RST = 1;
  66   1          DS1302InputByte(ucAddr|0x01);        // 地址，命令 
  67   1          ucData = DS1302OutputByte();         // 读1Byte数据
  68   1          DS1302_CLK = 1;
  69   1          DS1302_RST = 0;
  70   1          return(bcdconvert(ucData));
  71   1      	delay(5);
  72   1      }
  73          /*void init_ds1302()
  74          {
  75          	/********第一次上电初始化*******/
  76          /*	year=10; writeyear;
  77          	month=3; writemonth;
  78          	day=31; writeday;
  79          	hour=21; writehour;
  80          	minute=2; writeminute;
  81          	second=13; writesecond;*/
  82          	/*******从24c02读取数据********
  83          
  84          }	 */


MODULE INFORMATION:   STATIC OVERLAYABLE
   CODE SIZE        =    127    ----
   CONSTANT SIZE    =   ----    ----
   XDATA SIZE       =   ----    ----
   PDATA SIZE       =   ----    ----
   DATA SIZE        =   ----    ----
   IDATA SIZE       =   ----    ----
   BIT SIZE         =   ----    ----
END OF MODULE INFORMATION.


C51 COMPILATION COMPLETE.  0 WARNING(S),  0 ERROR(S)
