C51 COMPILER V6.12  KEYSCAN                                                                04/07/2010 20:23:30 PAGE 1   


C51 COMPILER V6.12, COMPILATION OF MODULE KEYSCAN
OBJECT MODULE PLACED IN .\keyscan.OBJ
COMPILER INVOKED BY: C:\Keil\C51\BIN\C51.EXE .\keyscan.c DEBUG OBJECTEXTEND

stmt level    source

   1          #include <reg52.h>
   2          #include "declare.h"
   3          sbit k1=P1^3;
   4          sbit k2=P1^4;
   5          sbit k3=P1^5;
   6          char count,daymax,timetemp;
   7          void delay(int);
   8          void write_clock(unsigned char,unsigned char);
   9          void displayalarm();
  10          void refreshtime();
  11          unsigned char read_clock(unsigned char);
  12          void write7219one(unsigned char,unsigned char);
  13          void calcdaymax()
  14          {
  15   1      	if(month==1||month==3||month==5||month==7||month==8||month==10||month==12)
  16   1      		daymax=31;
  17   1      	else if(month==4||month==6||month==9||month==11)
  18   1      		daymax=30;
  19   1      	else if(month==2)
  20   1      	{
  21   2      		if((year+2000)%4!=0)
  22   2      			daymax=28;
  23   2      		else
  24   2      			daymax=29;
  25   2      	}
  26   1      }
  27          void keyscan()
  28          {
  29   1      	if(k1==0)
  30   1      	{
  31   2      		delay(50);
  32   2      		if(k1==0&&mode==0)
  33   2      		{
  34   3      			mode++;
  35   3      		}
  36   2      		if(k1==0&&mode!=0)
  37   2      		{
  38   3      			count++;
  39   3      			timetemp=0;
  40   3      			switch(count)
  41   3      			{
  42   4      				case 1 : timetemp=readyear; P0=0x01; break;
  43   4      				case 2 : timetemp=readmonth; P0=0x02; break;
  44   4      				case 3 : timetemp=readday; P0=0x04; calcdaymax(); break;
  45   4      				case 4 : timetemp=readweek; P0=0x08; break;
  46   4      				case 5 : timetemp=readhour; P0=0x10; break;
  47   4      				case 6 : timetemp=readminute; P0=0x20; break;
  48   4      				case 7 : timetemp=readsecond; P0=0x40; break;
  49   4      				case 8 : mode=2; timetemp=alarmhour; P0=0x10; break;
  50   4      				case 9 : timetemp=alarmminute; P0=0x20; break;
  51   4      				case 10 : count=0; mode=0; P0=0x00; break;
  52   4      			}
  53   3      			delay(5);
  54   3      		}
  55   2      		if(k1==1) delay(30);
C51 COMPILER V6.12  KEYSCAN                                                                04/07/2010 20:23:30 PAGE 2   

  56   2      		while(k1==0);
  57   2      	}
  58   1      	if(k2==0)
  59   1      	{
  60   2      		delay(50);
  61   2      		if(k2==0&&mode==0)
  62   2      		{
  63   3      			displayalarm();
  64   3      			delay(3000);
  65   3      			write7219one(0x09,0x0ff);
  66   3      			refreshtime();
  67   3      		}
  68   2      		if(k2==0&&mode!=0)
  69   2      		{
  70   3      			switch(count)
  71   3      			{
  72   4      				case 1 : timetemp++; if(timetemp>=100) timetemp=0; if(timetemp<0) timetemp=99; year=timetemp; writeyea
             -r; break;
  73   4      				case 2 : timetemp++; if(timetemp>=13) timetemp=1; if(timetemp<1) timetemp=12; month=timetemp; writemon
             -th; break;
  74   4      				case 3 : timetemp++; if(timetemp>daymax) timetemp=1; if(timetemp<1) timetemp=daymax; day=timetemp; wri
             -teday; break;
  75   4      				case 5 : timetemp++; if(timetemp>=24) timetemp=0; if(timetemp<0) timetemp=23; hour=timetemp; writehour
             -; break;
  76   4      				case 6 : timetemp++; if(timetemp>=60) timetemp=0; if(timetemp<0) timetemp=59; minute=timetemp; writemi
             -nute; break;
  77   4      				case 7 : timetemp++; if(timetemp>=60) timetemp=0; if(timetemp<0) timetemp=59; second=timetemp; writese
             -cond; break;
  78   4      				case 4 : timetemp++; if(timetemp>=8) timetemp=1; if(timetemp<=0) timetemp=7; week=timetemp; writeweek;
             - break;
  79   4      				case 8 : timetemp++; if(timetemp>=24) timetemp=0; if(timetemp<0) timetemp=23; alarmhour=timetemp; brea
             -k;
  80   4      				case 9 : timetemp++; if(timetemp>=60) timetemp=0; if(timetemp<0) timetemp=59; alarmminute=timetemp; br
             -eak;
  81   4      			}
  82   3      			if(k2==1) delay(30);
  83   3      			while(k2==0);
  84   3      		}
  85   2      	}
  86   1      	if(k3==0)
  87   1      	{
  88   2      		delay(50);
  89   2      		if(k3==0&&mode!=0)
  90   2      		{
  91   3      			switch(count)
  92   3      			{
  93   4      				case 1 : timetemp--; if(timetemp>=100) timetemp=0; if(timetemp<0) timetemp=99; year=timetemp; writeyea
             -r; break;
  94   4      				case 2 : timetemp--; if(timetemp>=13) timetemp=1; if(timetemp<1) timetemp=12; month=timetemp; writemon
             -th; break;
  95   4      				case 3 : timetemp--; if(timetemp>daymax) timetemp=1; if(timetemp<1) timetemp=daymax; day=timetemp; wri
             -teday; break;
  96   4      				case 5 : timetemp--; if(timetemp>=24) timetemp=0; if(timetemp<0) timetemp=23; hour=timetemp; writehour
             -; break;
  97   4      				case 6 : timetemp--; if(timetemp>=60) timetemp=0; if(timetemp<0) timetemp=59; minute=timetemp; writemi
             -nute; break;
  98   4      				case 7 : timetemp--; if(timetemp>=60) timetemp=0; if(timetemp<0) timetemp=59; second=timetemp; writese
             -cond; break;
  99   4      				case 4 : timetemp--; if(timetemp>=8) timetemp=1; if(timetemp<=0) timetemp=7; week=timetemp; writeweek;
             - break;
 100   4      				case 8 : timetemp--; if(timetemp>=24) timetemp=0; if(timetemp<0) timetemp=23; alarmhour=timetemp; brea
             -k;
C51 COMPILER V6.12  KEYSCAN                                                                04/07/2010 20:23:30 PAGE 3   

 101   4      				case 9 : timetemp--; if(timetemp>=60) timetemp=0; if(timetemp<0) timetemp=59; alarmminute=timetemp; br
             -eak;
 102   4      			}
 103   3      			if(k3==1) delay(30);
 104   3      			while(k3==0);			
 105   3      		}
 106   2      	}
 107   1      }


MODULE INFORMATION:   STATIC OVERLAYABLE
   CODE SIZE        =   1185    ----
   CONSTANT SIZE    =   ----    ----
   XDATA SIZE       =   ----    ----
   PDATA SIZE       =   ----    ----
   DATA SIZE        =      3    ----
   IDATA SIZE       =   ----    ----
   BIT SIZE         =   ----    ----
END OF MODULE INFORMATION.


C51 COMPILATION COMPLETE.  0 WARNING(S),  0 ERROR(S)
