C51 COMPILER V8.09   HD7279                                                                10/08/2010 19:08:43 PAGE 1   


C51 COMPILER V8.09, COMPILATION OF MODULE HD7279
OBJECT MODULE PLACED IN HD7279.OBJ
COMPILER INVOKED BY: C:\Keil\C51\BIN\C51.EXE HD7279.c BROWSE DEBUG OBJECTEXTEND

line level    source

   1          #include <reg52.h>
   2          #include <intrins.h>
   3          #include <declare.h>
   4          extern RTC time;
   5          void hd_longdelay()
   6          {
   7   1              U8 i;
   8   1              for (i=0;i<50;i++);
   9   1      }
  10          void hd_shortdelay()
  11          {
  12   1              U8 i;
  13   1              for (i=0;i<8;i++);
  14   1      }
  15          void hd_writebyte(U8 cmd)
  16          {
  17   1              U8 i;
  18   1              hd_cs=0;
  19   1              hd_dat=0;
  20   1              hd_longdelay();
  21   1              for(i=0;i<8;i++)
  22   1              {
  23   2                      cmd<<=1;
  24   2                      hd_dat=CY;
  25   2                      hd_clk=1; hd_shortdelay();
  26   2                      hd_clk=0; hd_shortdelay();
  27   2              }
  28   1              hd_dat=0;
  29   1      }
  30          U8 hd_readbyte()
  31          {
  32   1              U8 i,temp=0;
  33   1              hd_dat=1;
  34   1              hd_longdelay();
  35   1              for(i=0;i<8;i++)
  36   1              {
  37   2                      hd_clk=1;       hd_shortdelay();
  38   2                      temp|=((char)hd_dat)<<(7-i);
  39   2                      hd_clk=0;       hd_shortdelay();
  40   2              }
  41   1              hd_dat=0;
  42   1              return temp;
  43   1      }
  44          void hd_writecd(U8 cmd,U8 dat)
  45          {
  46   1              hd_writebyte(cmd);
  47   1              hd_writebyte(dat);
  48   1      }
  49          U8 hd_readcd(U8 cmd)
  50          {
  51   1              hd_writebyte(cmd);
  52   1              return(hd_readbyte());
  53   1      }
  54          U8 hd_convert(U8 temp)
  55          {
C51 COMPILER V8.09   HD7279                                                                10/08/2010 19:08:43 PAGE 2   

  56   1              if(temp<28)
  57   1              {
  58   2                      switch(temp%8)
  59   2                      {
  60   3                              case 6 : return temp/8*3+1; break;
  61   3                              case 5 : return temp/8*3+2; break;
  62   3                              case 4 : return temp/8*3+3; break;
  63   3                              case 3 : return temp/8+13; break;
  64   3                      }
  65   2              }
  66   1              else
  67   1              {
  68   2                      if(temp==29) return 0;
  69   2                      if(temp==30) return 11;
  70   2                      if(temp==28) return 12;
  71   2              }
  72   1      }
  73          void hd_displaytwo(U8 add,U8 dat)
  74          {
  75   1              hd_writecd(0x80+add,dat/10);
  76   1              hd_writecd(0x80+add-1,dat%10);
  77   1      }
  78          void hd_showtime()
  79          {
  80   1              hd_writecd(0x80+5,10);
  81   1              hd_writecd(0x80+5,10);
  82   1              hd_writecd(0x80+2,10);
  83   1              hd_displaytwo(7,time.hour);
  84   1              hd_displaytwo(4,time.minute);
  85   1              hd_displaytwo(1,time.second);
  86   1      }


MODULE INFORMATION:   STATIC OVERLAYABLE
   CODE SIZE        =    279    ----
   CONSTANT SIZE    =   ----    ----
   XDATA SIZE       =   ----    ----
   PDATA SIZE       =   ----    ----
   DATA SIZE        =   ----    ----
   IDATA SIZE       =   ----    ----
   BIT SIZE         =   ----    ----
END OF MODULE INFORMATION.


C51 COMPILATION COMPLETE.  0 WARNING(S),  0 ERROR(S)
