C51 COMPILER V8.09   LED                                                                   10/08/2010 19:08:43 PAGE 1   


C51 COMPILER V8.09, COMPILATION OF MODULE LED
OBJECT MODULE PLACED IN LED.OBJ
COMPILER INVOKED BY: C:\Keil\C51\BIN\C51.EXE LED.c BROWSE DEBUG OBJECTEXTEND

line level    source

   1          #include <reg52.h>
   2          #include <declare.h>
   3          #include <intrins.h>
   4          sbit clk=P1^1;
   5          sbit sclk=P1^2;
   6          sbit sda=P1^4;
   7          void Write2595(U8 dat)
   8          {
   9   1              U8 i,save_P1;
  10   1              save_P1=P1;
  11   1              for(i=0;i<8;i++)
  12   1              {
  13   2                      dat<<=1;
  14   2                      sda=CY;
  15   2                      clk=0;
  16   2                      clk=1;
  17   2              }
  18   1              sclk=0;
  19   1              sclk=1;
  20   1              P1=save_P1;
  21   1      }
  22          void LED(U16 dat)
  23          {
  24   1              U8 temp=0,temp1=0;
  25   1              temp|=(dat&(0x0f<<9))>>5;
  26   1              temp|=(char)(bit)(dat&(1<<0))<<1;
  27   1              temp|=(char)(bit)(dat&(1<<1))<<0;
  28   1              temp|=(char)(bit)(dat&(1<<2))<<3;
  29   1              temp|=(char)(bit)(dat&(1<<3))<<2;
  30   1              temp1|=(dat&(0x1f<<4))>>4;
  31   1              Write2595(temp);
  32   1              P1=temp1;
  33   1      }
  34          void LED_process(U8 dat)
  35          {
  36   1              U16 i=~(0x0f<<9);
  37   1              dat=dat%10;
  38   1              i=_iror_(i,dat);
  39   1              LED(i);
  40   1      }


MODULE INFORMATION:   STATIC OVERLAYABLE
   CODE SIZE        =    146    ----
   CONSTANT SIZE    =   ----    ----
   XDATA SIZE       =   ----    ----
   PDATA SIZE       =   ----    ----
   DATA SIZE        =   ----    ----
   IDATA SIZE       =   ----    ----
   BIT SIZE         =   ----    ----
END OF MODULE INFORMATION.


C51 COMPILATION COMPLETE.  0 WARNING(S),  0 ERROR(S)
