C51 COMPILER V8.09   MAIN                                                                  10/08/2010 19:08:42 PAGE 1   


C51 COMPILER V8.09, COMPILATION OF MODULE MAIN
OBJECT MODULE PLACED IN main.OBJ
COMPILER INVOKED BY: C:\Keil\C51\BIN\C51.EXE main.c BROWSE DEBUG OBJECTEXTEND

line level    source

   1          #include <reg52.h>
   2          #include <declare.h>
   3          RTC time;
   4          U8 rtc_secondold,stat=0,offset=0,count=0,key_record;
   5          U8 code range[7][2]={{0,59},{0,59},{0,23},{1,31},{1,12},{1,7},{0,99}};
   6          void main()
   7          {
   8   1              U8 key_delay;
   9   1              lcd_normal_init();
  10   1              ls164_write(0xff);
  11   1              while(1)
  12   1              {
  13   2                      key_delay=0xff;
  14   2                      switch(stat)
  15   2                      {
  16   3                              case 0: lcd_normal(); break;
  17   3                              case 1: break;
  18   3                      }
  19   2                      while(key_delay--)
  20   2                      {
  21   3                              if(!hd_key)
  22   3                                      key_process(hd_convert(hd_readcd(0x15)));
  23   3                              while(!hd_key);
  24   3                      }
  25   2              }
  26   1      }


MODULE INFORMATION:   STATIC OVERLAYABLE
   CODE SIZE        =     44    ----
   CONSTANT SIZE    =     14    ----
   XDATA SIZE       =   ----    ----
   PDATA SIZE       =   ----    ----
   DATA SIZE        =     12       1
   IDATA SIZE       =   ----    ----
   BIT SIZE         =   ----    ----
END OF MODULE INFORMATION.


C51 COMPILATION COMPLETE.  0 WARNING(S),  0 ERROR(S)
