C51 COMPILER V6.12  MAINUP                                                                 04/11/2010 15:50:08 PAGE 1   


C51 COMPILER V6.12, COMPILATION OF MODULE MAINUP
OBJECT MODULE PLACED IN .\mainup.OBJ
COMPILER INVOKED BY: C:\Keil\C51\BIN\C51.EXE .\mainup.c DEBUG OBJECTEXTEND

stmt level    source

   1          #include <reg52.h>
   2          #include <stdio.h>
   3          void delay(int);
   4          void comm_init();
   5          void main()
   6          {
   7   1      	unsigned char i=0;
   8   1      	comm_init();
   9   1      	while(1)
  10   1      	{
  11   2      //		printf("%d",i++);
  12   2      		SBUF=i++;
  13   2      		delay(1000);
  14   2      		if(i==10)
  15   2      		i=0;
  16   2      	}
  17   1      }


MODULE INFORMATION:   STATIC OVERLAYABLE
   CODE SIZE        =     29    ----
   CONSTANT SIZE    =   ----    ----
   XDATA SIZE       =   ----    ----
   PDATA SIZE       =   ----    ----
   DATA SIZE        =   ----       1
   IDATA SIZE       =   ----    ----
   BIT SIZE         =   ----    ----
END OF MODULE INFORMATION.


C51 COMPILATION COMPLETE.  0 WARNING(S),  0 ERROR(S)
