C51 COMPILER V6.12  MAIN                                                                   04/19/2010 19:11:54 PAGE 1   


C51 COMPILER V6.12, COMPILATION OF MODULE MAIN
OBJECT MODULE PLACED IN .\main.OBJ
COMPILER INVOKED BY: C:\Keil\C51\BIN\C51.EXE .\main.c DEBUG OBJECTEXTEND

stmt level    source

   1          #include <reg52.h>
   2          void init7219();
   3          void write7219one(unsigned char,unsigned char);
   4          void delay(int);
   5          void main()
   6          {
   7   1      	unsigned char i;
   8   1      	init7219();
   9   1      	for(i=1;i<17;i++)
  10   1      	{
  11   2      		write7219one(i,6);
  12   2      		delay(1000);
  13   2      	}
  14   1      	write7219one(14,2);
  15   1      	while(1);
  16   1      }


MODULE INFORMATION:   STATIC OVERLAYABLE
   CODE SIZE        =     38    ----
   CONSTANT SIZE    =   ----    ----
   XDATA SIZE       =   ----    ----
   PDATA SIZE       =   ----    ----
   DATA SIZE        =   ----       1
   IDATA SIZE       =   ----    ----
   BIT SIZE         =   ----    ----
END OF MODULE INFORMATION.


C51 COMPILATION COMPLETE.  0 WARNING(S),  0 ERROR(S)
