C51 COMPILER V8.09   DELAY                                                                 04/29/2010 19:57:03 PAGE 1   


C51 COMPILER V8.09, COMPILATION OF MODULE DELAY
OBJECT MODULE PLACED IN delay.OBJ
COMPILER INVOKED BY: C:\Keil\C51\BIN\C51.EXE delay.c DEBUG OBJECTEXTEND

line level    source

   1          #include <reg52.h>
   2          void delay(int z)
   3          {
   4   1              int i,j;
   5   1              for(i=z;i>0;i--)
   6   1               for(j=110;j>0;j--);
   7   1      }


MODULE INFORMATION:   STATIC OVERLAYABLE
   CODE SIZE        =     32    ----
   CONSTANT SIZE    =   ----    ----
   XDATA SIZE       =   ----    ----
   PDATA SIZE       =   ----    ----
   DATA SIZE        =   ----    ----
   IDATA SIZE       =   ----    ----
   BIT SIZE         =   ----    ----
END OF MODULE INFORMATION.


C51 COMPILATION COMPLETE.  0 WARNING(S),  0 ERROR(S)
