C51 COMPILER V8.09   MAIN                                                                  04/29/2010 19:57:04 PAGE 1   


C51 COMPILER V8.09, COMPILATION OF MODULE MAIN
OBJECT MODULE PLACED IN main.OBJ
COMPILER INVOKED BY: C:\Keil\C51\BIN\C51.EXE main.c DEBUG OBJECTEXTEND

line level    source

   1          #include <reg52.h>
   2          #include "declare.h"
   3          unsigned char stop,i,t,temp,mode,comm;
   4          //unsigned char year,week,month,day,hour,minute,second;
   5          void comm_init();
   6          void commscan();
   7          void delay(int);
   8          void main()
   9          {
  10   1              comm_init();
  11   1              while(1)
  12   1              {
  13   2                      commscan();
  14   2              }
  15   1      }


MODULE INFORMATION:   STATIC OVERLAYABLE
   CODE SIZE        =      8    ----
   CONSTANT SIZE    =   ----    ----
   XDATA SIZE       =   ----    ----
   PDATA SIZE       =   ----    ----
   DATA SIZE        =      6    ----
   IDATA SIZE       =   ----    ----
   BIT SIZE         =   ----    ----
END OF MODULE INFORMATION.


C51 COMPILATION COMPLETE.  0 WARNING(S),  0 ERROR(S)
