C51 COMPILER V8.09   SHUMAGUAN                                                             04/29/2010 19:57:04 PAGE 1   


C51 COMPILER V8.09, COMPILATION OF MODULE SHUMAGUAN
OBJECT MODULE PLACED IN shumaguan.OBJ
COMPILER INVOKED BY: C:\Keil\C51\BIN\C51.EXE shumaguan.c DEBUG OBJECTEXTEND

line level    source

   1          #include <reg52.h>
   2          #include <stdio.h>
   3          #include "declare.h"
   4          unsigned char code table[]={0x3f,0x06,0x5b,0x4f,
   5          0x66,0x6d,0x7d,0x07,
   6          0x7f,0x6f,0x77,0x7c,
   7          0x39,0x5e,0x79,0x71};
   8          void delay(int);
   9          void shumaguan()
  10          {
  11   1              unsigned char a,b,c,d,buff;
  12   1              while(buff!='#')
  13   1              {
  14   2                      buff=_getkey();
  15   2                      a=_getkey();
  16   2                      b=_getkey();
  17   2                      c=_getkey();
  18   2                      d=_getkey();
  19   2                      stop=0;
  20   2                      if(stop!='!')
  21   2                      {
  22   3                              ES=1;
  23   3                              while(stop!='!')
  24   3                              {
  25   4                                      P2=0xf8;
  26   4                                      if(a>=48&&a<=58) P0=table[a-48];
  27   4                                      else if(a>=65) P0=table[a-55];
  28   4                                      delay(1);
  29   4                                      P2=0xf4;
  30   4                                      if(b>=48&&b<=58) P0=table[b-48];
  31   4                                      else if(b>=65) P0=table[b-55];
  32   4                                      delay(1);
  33   4                                      P2=0xf2;
  34   4                                      if(c>=48&&c<=58) P0=table[c-48];
  35   4                                      else if(c>=65) P0=table[c-55];
  36   4                                      delay(1);
  37   4                                      P2=0xf1;
  38   4                                      if(d>=48&&d<=58) P0=table[d-48];
  39   4                                      else if(d>=65) P0=table[d-55];
  40   4                                      delay(1);
  41   4                              }
  42   3                              ES=0;
  43   3                      }
  44   2              }
  45   1      }


MODULE INFORMATION:   STATIC OVERLAYABLE
   CODE SIZE        =    247    ----
   CONSTANT SIZE    =     16    ----
   XDATA SIZE       =   ----    ----
   PDATA SIZE       =   ----    ----
   DATA SIZE        =   ----       5
   IDATA SIZE       =   ----    ----
   BIT SIZE         =   ----    ----
C51 COMPILER V8.09   SHUMAGUAN                                                             04/29/2010 19:57:04 PAGE 2   

END OF MODULE INFORMATION.


C51 COMPILATION COMPLETE.  0 WARNING(S),  0 ERROR(S)
