C51 COMPILER V8.09   RE2                                                                   10/13/2010 17:02:00 PAGE 1   


C51 COMPILER V8.09, COMPILATION OF MODULE RE2
OBJECT MODULE PLACED IN Re2.OBJ
COMPILER INVOKED BY: C:\Keil\C51\BIN\C51.EXE Re2.c BROWSE DEBUG OBJECTEXTEND

line level    source

   1          #include <reg52.h>
   2          #include <stdio.h>
   3          #include <intrins.h>
   4          #define U8 unsigned char
   5          #define U16 unsigned int
   6          sbit hd_cs=P0^4;
   7          sbit hd_clk=P0^5;
   8          sbit hd_dat=P0^6;
   9          sbit hd_key=P0^7;
  10          
  11          void hd_shortdelay()
  12          {
  13   1              U8 i;
  14   1              for(i=0;i<8;i++);
  15   1      }
  16          
  17          void hd_longdelay()
  18          {
  19   1              U8 i;
  20   1              for(i=0;i<50;i++);
  21   1      }
  22          
  23          void delay_1ms(U16 z)
  24          {
  25   1              U8 i;
  26   1              while(z--)
  27   1                      for(i=0;i<110;i++);
  28   1      }
  29          
  30          void hd_writeonechar(U8 dat)
  31          {
  32   1              U8 i;
  33   1              hd_cs=0;
  34   1              hd_dat=0;
  35   1              hd_longdelay();
  36   1              for(i=0;i<8;i++)
  37   1              {
  38   2                      dat<<=1;
  39   2                      hd_dat=CY;
  40   2                      hd_clk=1; hd_shortdelay();
  41   2                      hd_clk=0; hd_shortdelay();
  42   2              }
  43   1              hd_dat=0;
  44   1      }
  45          
  46          U8 hd_readonechar()
  47          {
  48   1              U8 i,temp=0;
  49   1              hd_dat=1;
  50   1              hd_longdelay();
  51   1              for(i=0;i<8;i++)
  52   1              {
  53   2                      hd_clk=1; hd_shortdelay();
  54   2                      temp|=((U8)hd_dat)<<(7-i);
  55   2                      hd_clk=0; hd_shortdelay();
C51 COMPILER V8.09   RE2                                                                   10/13/2010 17:02:00 PAGE 2   

  56   2              }
  57   1              hd_dat=0;
  58   1              return temp;
  59   1      }
  60          
  61          void hd_write(U8 add,U8 dat)
  62          {
  63   1              hd_writeonechar(add);
  64   1              hd_writeonechar(dat);
  65   1      }
  66          
  67          U8 hd_read(U8 add)
  68          {
  69   1              hd_writeonechar(add);
  70   1              return(hd_readonechar());
  71   1      }
  72          
  73          void main()
  74          {
  75   1              U8 temp;
  76   1              hd_writeonechar(0xa4);
  77   1              hd_write(0x80,1);
  78   1              while(1)
  79   1              {
  80   2                      if(!hd_key)
  81   2                      {
  82   3                              temp=hd_read(0x15);
  83   3                              hd_write(0x81,temp/10);
  84   3                              hd_write(0x80,temp%10); 
  85   3                      }while(!hd_key);
  86   2                      delay_1ms(5);
  87   2              }
  88   1      }


MODULE INFORMATION:   STATIC OVERLAYABLE
   CODE SIZE        =    194    ----
   CONSTANT SIZE    =   ----    ----
   XDATA SIZE       =   ----    ----
   PDATA SIZE       =   ----    ----
   DATA SIZE        =   ----    ----
   IDATA SIZE       =   ----    ----
   BIT SIZE         =   ----    ----
END OF MODULE INFORMATION.


C51 COMPILATION COMPLETE.  0 WARNING(S),  0 ERROR(S)
