C51 COMPILER V8.09   MAIN                                                                  08/10/2010 16:20:04 PAGE 1   


C51 COMPILER V8.09, COMPILATION OF MODULE MAIN
OBJECT MODULE PLACED IN main.OBJ
COMPILER INVOKED BY: C:\Keil\C51\BIN\C51.EXE main.c BROWSE DEBUG OBJECTEXTEND

line level    source

   1          #include <reg52.h>
   2          #include <stdarg.h>
   3          #define uchar unsigned char
   4          #define uint unsigned int
   5          sbit clk=P2^0;
   6          sbit sclk=P2^2;
   7          sbit ser=P2^1;
   8          sbit OE=P2^3;
   9          unsigned char code table[]={0x3f,0x06,0x5b,0x4f,
  10          0x66,0x6d,0x7d,0x07,
  11          0x7f,0x6f,0x77,0x7c,
  12          0x39,0x5e,0x79,0x71};
  13          void delay(int z)
  14          {
  15   1              uint i,j;
  16   1              for(i=0;i<z;i++)
  17   1                      for(j=0;j<110;j++);
  18   1      }
  19          void writenchar(uchar dat,...)
  20          {
  21   1              va_list arg_ptr; 
  22   1              uchar i;
  23   1              uchar nargvalue=dat;
  24   1              va_start(arg_ptr,dat);
  25   1              do
  26   1              {
  27   2                      clk=0;//???
  28   2                      sclk=0;
  29   2                      OE=1;
  30   2                      for(i=0;i<8;i++)
  31   2                      {
  32   3                              ser=nargvalue&0x01;
  33   3                              clk=1;
  34   3                              clk=0;
  35   3                              nargvalue>>=1;
  36   3                      }
  37   2                      sclk=1;
  38   2                      sclk=0;         
  39   2                      nargvalue=va_arg(arg_ptr,uchar);
  40   2              }
  41   1              while(nargvalue!=-1);
  42   1              OE=0;
  43   1      }
  44          void writetime(uchar dat)
  45          {
  46   1              writenchar(table[dat%10],table[dat%100/10],table[dat/100],-1);
  47   1      }
  48          void main()
  49          {
  50   1              uchar t=0;
  51   1              while(1)
  52   1              {
  53   2                      writetime(t);
  54   2                      t++;
  55   2                      delay(500);
C51 COMPILER V8.09   MAIN                                                                  08/10/2010 16:20:04 PAGE 2   

  56   2              }
  57   1      }


MODULE INFORMATION:   STATIC OVERLAYABLE
   CODE SIZE        =    159    ----
   CONSTANT SIZE    =     16    ----
   XDATA SIZE       =   ----    ----
   PDATA SIZE       =   ----    ----
   DATA SIZE        =   ----      20
   IDATA SIZE       =   ----    ----
   BIT SIZE         =   ----    ----
END OF MODULE INFORMATION.


C51 COMPILATION COMPLETE.  0 WARNING(S),  0 ERROR(S)
