C51 COMPILER V8.09   MAIN                                                                  10/09/2010 16:44:59 PAGE 1   


C51 COMPILER V8.09, COMPILATION OF MODULE MAIN
OBJECT MODULE PLACED IN main.OBJ
COMPILER INVOKED BY: C:\Keil\C51\BIN\C51.EXE main.c BROWSE DEBUG OBJECTEXTEND

line level    source

   1          #include <reg52.h>
   2          #include <intrins.h>
   3          #define U16 unsigned int
   4          #define U8 unsigned char
   5          sbit clk=P1^1;
   6          sbit sclk=P1^2;
   7          sbit ser=P1^4;
   8          void delay(int z)
   9          {
  10   1              U8 i;
  11   1              while(z--)
  12   1                      for(i=0;i<110;i++);
  13   1      }
  14          void Write2595(U8 dat)
  15          {
  16   1              U8 i,save_P1;
  17   1              save_P1=P1;
  18   1              for(i=0;i<8;i++)
  19   1              {
  20   2                      dat<<=1;
  21   2                      ser=CY;
  22   2                      clk=0;
  23   2                      clk=1;
  24   2              }
  25   1              sclk=0;
  26   1              sclk=1;
  27   1              P1=save_P1;     
  28   1      }
  29          void LEDS(U16 dat)
  30          {
  31   1              U8 temp=0,temp1=0;
  32   1              temp|=(dat&(0xf<<9))>>5;
  33   1              temp|=(char)(bit)(dat&(1<<1))<<0;
  34   1              temp|=(char)(bit)(dat&(1<<0))<<1;
  35   1              temp|=(char)(bit)(dat&(1<<3))<<2;
  36   1              temp|=(char)(bit)(dat&(1<<2))<<3;
  37   1              temp1|=(dat&(0x1f<<4))>>4;
  38   1              P1=temp1;
  39   1              Write2595(temp);
  40   1      }
  41          void main()
  42          {
  43   1              U8 i;
  44   1              U16 j,k;
  45   1              while(1)
  46   1              {
  47   2                      for(i=0,j=~1;i<7;i++)
  48   2                      {
  49   3                              LEDS(j);
  50   3                              j=_irol_(j,2);
  51   3                              delay(300);
  52   3                      }
  53   2                      for(i=0,j=~0x02;i<6;i++)
  54   2                      {
  55   3                              LEDS(j);
C51 COMPILER V8.09   MAIN                                                                  10/09/2010 16:44:59 PAGE 2   

  56   3                              j=_irol_(j,2);
  57   3                              delay(300);
  58   3                      }
  59   2                      for(i=0,j=k=~(1<<6);i<7;i++)
  60   2                      {
  61   3                              LEDS(j&k);
  62   3                              j=_irol_(j,1);
  63   3                              k=_iror_(k,1);
  64   3                              delay(300);
  65   3                      }
  66   2                      for(i=0,j=~1,k=~(1<<12);i<7;i++)
  67   2                      {
  68   3                              LEDS(j&k);
  69   3                              j=_irol_(j,1);
  70   3                              k=_iror_(k,1);
  71   3                              delay(300);
  72   3                      }
  73   2              }
  74   1      }


MODULE INFORMATION:   STATIC OVERLAYABLE
   CODE SIZE        =    366    ----
   CONSTANT SIZE    =   ----    ----
   XDATA SIZE       =   ----    ----
   PDATA SIZE       =   ----    ----
   DATA SIZE        =   ----       2
   IDATA SIZE       =   ----    ----
   BIT SIZE         =   ----    ----
END OF MODULE INFORMATION.


C51 COMPILATION COMPLETE.  0 WARNING(S),  0 ERROR(S)
