C51 COMPILER V6.12  MAIN                                                                   04/11/2010 17:34:07 PAGE 1   


C51 COMPILER V6.12, COMPILATION OF MODULE MAIN
OBJECT MODULE PLACED IN .\main.OBJ
COMPILER INVOKED BY: C:\Keil\C51\BIN\C51.EXE .\main.c DEBUG OBJECTEXTEND

stmt level    source

   1          #include <reg52.h>
   2          unsigned char code table[]={0x10,0xFE,0x92,0x92,0xFE,0x92,0x10,0x10};
   3          unsigned char code table2[]={0x01,0x02,0x03,0x04,0x05,0x06,0x07,0x08};
   4          unsigned char i;
   5          void write7219one(unsigned char,unsigned char);
   6          void init7219();
   7          void delay(int z)
   8          {
   9   1      	int i,j;
  10   1              for(i=z;i>0;i--)
  11   1               for(j=110;j>0;j--);
  12   1      }
  13          void main()
  14          {
  15   1      	init7219();
  16   1      	while(1)
  17   1      	{
  18   2      		for(i=1;i<9;i++)
  19   2      		{
  20   3      			write7219one(i,table[i-1]);
  21   3      		}
  22   2      		while(1);
  23   2      	}
  24   1      }


MODULE INFORMATION:   STATIC OVERLAYABLE
   CODE SIZE        =     61    ----
   CONSTANT SIZE    =     16    ----
   XDATA SIZE       =   ----    ----
   PDATA SIZE       =   ----    ----
   DATA SIZE        =      1    ----
   IDATA SIZE       =   ----    ----
   BIT SIZE         =   ----    ----
END OF MODULE INFORMATION.


C51 COMPILATION COMPLETE.  0 WARNING(S),  0 ERROR(S)
