C51 COMPILER V8.09   MAIN                                                                  10/14/2010 21:10:33 PAGE 1   


C51 COMPILER V8.09, COMPILATION OF MODULE MAIN
OBJECT MODULE PLACED IN main.OBJ
COMPILER INVOKED BY: C:\Keil\C51\BIN\C51.EXE main.c BROWSE DEBUG OBJECTEXTEND

line level    source

   1          #include <reg52.h>
   2          #define U8 unsigned char
   3          #define U16 unsigned int
   4          sbit key1=P3^4;
   5          sbit key2=P3^5;
   6          sbit key3=P3^2;
   7          sbit key4=P3^3;
   8          sbit OE=P2^4;
   9          sbit clk=P3^6;
  10          sbit beep=P2^7;
  11          U8 code table[]={0xc0,0xf9,0xa4,0xb0,0x99,0x92,0x82,0xf8,0x80,0x90,0xff};
  12          U8 counter=0,stat=0,count=0;
  13          void delay_1ms(U16 z)
  14          {
  15   1              U8 i;
  16   1              while(z--)
  17   1                      for(i=0;i<110;i++);
  18   1      }
  19          void digit(U8 add,U8 dat)
  20          {
  21   1              bit bee=beep;
  22   1              P2=~(1<<(add-1));
  23   1              OE=0;
  24   1              P0=table[dat];
  25   1              clk=0;
  26   1              clk=1;
  27   1              beep=bee;
  28   1              delay_1ms(5);   
  29   1      }
  30          U8 keyscan()
  31          {
  32   1              U8 i=0;
  33   1              i++;
  34   1              if(!key1)
  35   1                      goto end;
  36   1              i++;
  37   1              if(!key2)
  38   1                      goto end;
  39   1              i++;
  40   1              if(!key3)
  41   1                      goto end;
  42   1              return 0;
  43   1      end:
  44   1              count=i;
  45   1              stat=1;
  46   1              TR0=1;
  47   1              beep=0;
  48   1      }
  49          void main()
  50          {
  51   1              TMOD=0x01;
  52   1              TH0=(65536-45872)/256;
  53   1              TL0=(65536-45872)%256;
  54   1              ET0=1;
  55   1              TR0=0;
C51 COMPILER V8.09   MAIN                                                                  10/14/2010 21:10:33 PAGE 2   

  56   1              EA=1;
  57   1              while(1)
  58   1              {
  59   2                      if(stat)
  60   2                      {
  61   3                              digit(4,count);
  62   3                              if(!key4)
  63   3                              {
  64   4                                      digit(4,10);
  65   4                                      stat=0;
  66   4                              }       
  67   3                      }
  68   2                      if(!stat)
  69   2                      {
  70   3                              keyscan();
  71   3                              delay_1ms(5);
  72   3                      }
  73   2              }
  74   1      }
  75          
  76          void timer0() interrupt 1
  77          {
  78   1              TH0=(65536-45872)/256;
  79   1              TL0=(65536-45872)%256;
  80   1              counter++;
  81   1              if(counter==20)
  82   1              {
  83   2                      counter=0;
  84   2                      beep=1;
  85   2                      TR0=0;
  86   2              }
  87   1      }


MODULE INFORMATION:   STATIC OVERLAYABLE
   CODE SIZE        =    178    ----
   CONSTANT SIZE    =     11    ----
   XDATA SIZE       =   ----    ----
   PDATA SIZE       =   ----    ----
   DATA SIZE        =      3    ----
   IDATA SIZE       =   ----    ----
   BIT SIZE         =   ----       1
END OF MODULE INFORMATION.


C51 COMPILATION COMPLETE.  0 WARNING(S),  0 ERROR(S)
